Build started 13/05/2018 15:22:39.
     1>Project "\\psf\Home\Documents\qcode\QCDValuationEngine\QC_Financial\QC_Financial.vcxproj" on node 2 (Build target(s)).
     1>Link:
         C:\Program Files (x86)\Microsoft Visual Studio 12.0\VC\bin\link.exe /ERRORREPORT:PROMPT /OUT:"\\psf\Home\Documents\qcode\QCDValuationEngine\QC_Financial\Release\QC_Financial.pyd" /INCREMENTAL:NO /NOLOGO kernel32.lib user32.lib gdi32.lib winspool.lib comdlg32.lib advapi32.lib shell32.lib ole32.lib oleaut32.lib uuid.lib odbc32.lib odbccp32.lib /MANIFEST /MANIFESTUAC:"level='asInvoker' uiAccess='false'" /manifest:embed /DEBUG /PDB:"\\psf\Home\Documents\qcode\QCDValuationEngine\QC_Financial\Release\QC_Financial.pdb" /SUBSYSTEM:WINDOWS /OPT:REF /OPT:ICF /LTCG /TLBID:1 /DYNAMICBASE /NXCOMPAT /IMPLIB:"\\psf\Home\Documents\qcode\QCDValuationEngine\QC_Financial\Release\QC_Financial.lib" /MACHINE:X86 /SAFESEH /DLL Release\FixedRateCashflow.obj
         Release\IborCashflow.obj
         Release\IcpClfCashflow.obj
         Release\IcpClpCashflow.obj
         Release\InterestRateIndex.obj
         Release\Leg.obj
         Release\LegFactory.obj
         Release\QC30360.obj
         Release\QCAct360.obj
         Release\QCAct365.obj
         Release\QCActAct.obj
         Release\QCBusinessCalendar.obj
         Release\QCCompoundWf.obj
         Release\QCContinousWf.obj
         Release\QCDate.obj
         Release\QCHelperFunctions.obj
         Release\QCInterestRate.obj
         Release\QCInterestRatePeriodsFactory.obj
         Release\QCLinearWf.obj
         Release\QCWealthFactor.obj
         Release\SimpleCashflow.obj
         Release\SimpleMultiCurrencyCashflow.obj
         Release\Tenor.obj
         Release\main.obj
            Creating library \\psf\Home\Documents\qcode\QCDValuationEngine\QC_Financial\Release\QC_Financial.lib and object \\psf\Home\Documents\qcode\QCDValuationEngine\QC_Financial\Release\QC_Financial.exp
     1>main.obj : error LNK2001: unresolved external symbol __imp__PyString_FromString
     1>libboost_python-vc120-mt-1_65_1.lib(builtin_converters.obj) : error LNK2001: unresolved external symbol __imp__PyString_FromString
     1>libboost_python-vc120-mt-1_65_1.lib(str.obj) : error LNK2001: unresolved external symbol __imp__PyString_FromString
     1>main.obj : error LNK2001: unresolved external symbol __imp__PyFloat_FromDouble
     1>libboost_python-vc120-mt-1_65_1.lib(tuple.obj) : error LNK2001: unresolved external symbol __imp__PyTuple_New
     1>libboost_python-vc120-mt-1_65_1.lib(function_doc_signature.obj) : error LNK2001: unresolved external symbol __imp__PyTuple_New
     1>main.obj : error LNK2001: unresolved external symbol __imp__PyTuple_New
     1>libboost_python-vc120-mt-1_65_1.lib(class.obj) : error LNK2001: unresolved external symbol __imp__PyTuple_New
     1>libboost_python-vc120-mt-1_65_1.lib(enum.obj) : error LNK2001: unresolved external symbol __imp__PyTuple_New
     1>libboost_python-vc120-mt-1_65_1.lib(function.obj) : error LNK2001: unresolved external symbol __imp__PyTuple_New
     1>libboost_python-vc120-mt-1_65_1.lib(list.obj) : error LNK2001: unresolved external symbol __imp__PyInt_FromLong
     1>libboost_python-vc120-mt-1_65_1.lib(function_doc_signature.obj) : error LNK2001: unresolved external symbol __imp__PyInt_FromLong
     1>main.obj : error LNK2001: unresolved external symbol __imp__PyInt_FromLong
     1>libboost_python-vc120-mt-1_65_1.lib(class.obj) : error LNK2001: unresolved external symbol __imp__PyInt_FromLong
     1>libboost_python-vc120-mt-1_65_1.lib(enum.obj) : error LNK2001: unresolved external symbol __imp__PyInt_FromLong
     1>libboost_python-vc120-mt-1_65_1.lib(function.obj) : error LNK2001: unresolved external symbol __imp__PyInt_FromLong
     1>main.obj : error LNK2001: unresolved external symbol __imp__PyTuple_SetItem
     1>main.obj : error LNK2001: unresolved external symbol __imp__PyInt_Type
     1>libboost_python-vc120-mt-1_65_1.lib(enum.obj) : error LNK2001: unresolved external symbol __imp__PyInt_Type
     1>libboost_python-vc120-mt-1_65_1.lib(builtin_converters.obj) : error LNK2001: unresolved external symbol __imp__PyInt_Type
     1>main.obj : error LNK2001: unresolved external symbol __imp__PyString_FromStringAndSize
     1>libboost_python-vc120-mt-1_65_1.lib(builtin_converters.obj) : error LNK2001: unresolved external symbol __imp__PyString_FromStringAndSize
     1>libboost_python-vc120-mt-1_65_1.lib(str.obj) : error LNK2001: unresolved external symbol __imp__PyString_FromStringAndSize
     1>libboost_python-vc120-mt-1_65_1.lib(function_doc_signature.obj) : error LNK2001: unresolved external symbol __imp__PyString_FromStringAndSize
     1>libboost_python-vc120-mt-1_65_1.lib(pickle_support.obj) : error LNK2001: unresolved external symbol __imp__PyEval_CallFunction
     1>libboost_python-vc120-mt-1_65_1.lib(dict.obj) : error LNK2001: unresolved external symbol __imp__PyEval_CallFunction
     1>libboost_python-vc120-mt-1_65_1.lib(str.obj) : error LNK2001: unresolved external symbol __imp__PyEval_CallFunction
     1>libboost_python-vc120-mt-1_65_1.lib(list.obj) : error LNK2001: unresolved external symbol __imp__PyEval_CallFunction
     1>main.obj : error LNK2001: unresolved external symbol __imp__PyEval_CallFunction
     1>libboost_python-vc120-mt-1_65_1.lib(class.obj) : error LNK2001: unresolved external symbol __imp__PyEval_CallFunction
     1>libboost_python-vc120-mt-1_65_1.lib(enum.obj) : error LNK2001: unresolved external symbol __imp__PyEval_CallFunction
     1>libboost_python-vc120-mt-1_65_1.lib(stl_iterator.obj) : error LNK2001: unresolved external symbol __imp__PyEval_CallFunction
     1>libboost_python-vc120-mt-1_65_1.lib(function_doc_signature.obj) : error LNK2001: unresolved external symbol __imp__PyLong_FromUnsignedLong
     1>main.obj : error LNK2001: unresolved external symbol __imp__PyLong_FromUnsignedLong
     1>libboost_python-vc120-mt-1_65_1.lib(class.obj) : error LNK2001: unresolved external symbol __imp__PyLong_FromUnsignedLong
     1>libboost_python-vc120-mt-1_65_1.lib(enum.obj) : error LNK2001: unresolved external symbol __imp__PyLong_FromUnsignedLong
     1>libboost_python-vc120-mt-1_65_1.lib(function.obj) : error LNK2001: unresolved external symbol __imp__PyLong_FromUnsignedLong
     1>main.obj : error LNK2001: unresolved external symbol __imp__PySlice_Type
     1>main.obj : error LNK2001: unresolved external symbol __imp__PyFloat_Type
     1>libboost_python-vc120-mt-1_65_1.lib(builtin_converters.obj) : error LNK2001: unresolved external symbol __imp__PyFloat_Type
     1>libboost_python-vc120-mt-1_65_1.lib(tuple.obj) : error LNK2001: unresolved external symbol __imp___Py_NoneStruct
     1>libboost_python-vc120-mt-1_65_1.lib(list.obj) : error LNK2001: unresolved external symbol __imp___Py_NoneStruct
     1>libboost_python-vc120-mt-1_65_1.lib(function_doc_signature.obj) : error LNK2001: unresolved external symbol __imp___Py_NoneStruct
     1>libboost_python-vc120-mt-1_65_1.lib(builtin_converters.obj) : error LNK2001: unresolved external symbol __imp___Py_NoneStruct
     1>libboost_python-vc120-mt-1_65_1.lib(pickle_support.obj) : error LNK2001: unresolved external symbol __imp___Py_NoneStruct
     1>libboost_python-vc120-mt-1_65_1.lib(dict.obj) : error LNK2001: unresolved external symbol __imp___Py_NoneStruct
     1>libboost_python-vc120-mt-1_65_1.lib(str.obj) : error LNK2001: unresolved external symbol __imp___Py_NoneStruct
     1>libboost_python-vc120-mt-1_65_1.lib(object_operators.obj) : error LNK2001: unresolved external symbol __imp___Py_NoneStruct
     1>libboost_python-vc120-mt-1_65_1.lib(module.obj) : error LNK2001: unresolved external symbol __imp___Py_NoneStruct
     1>libboost_python-vc120-mt-1_65_1.lib(from_python.obj) : error LNK2001: unresolved external symbol __imp___Py_NoneStruct
     1>libboost_python-vc120-mt-1_65_1.lib(registry.obj) : error LNK2001: unresolved external symbol __imp___Py_NoneStruct
     1>libboost_python-vc120-mt-1_65_1.lib(function.obj) : error LNK2001: unresolved external symbol __imp___Py_NoneStruct
     1>libboost_python-vc120-mt-1_65_1.lib(life_support.obj) : error LNK2001: unresolved external symbol __imp___Py_NoneStruct
     1>libboost_python-vc120-mt-1_65_1.lib(stl_iterator.obj) : error LNK2001: unresolved external symbol __imp___Py_NoneStruct
     1>libboost_python-vc120-mt-1_65_1.lib(object_protocol.obj) : error LNK2001: unresolved external symbol __imp___Py_NoneStruct
     1>main.obj : error LNK2001: unresolved external symbol __imp___Py_NoneStruct
     1>libboost_python-vc120-mt-1_65_1.lib(iterator.obj) : error LNK2001: unresolved external symbol __imp___Py_NoneStruct
     1>libboost_python-vc120-mt-1_65_1.lib(class.obj) : error LNK2001: unresolved external symbol __imp___Py_NoneStruct
     1>libboost_python-vc120-mt-1_65_1.lib(enum.obj) : error LNK2001: unresolved external symbol __imp___Py_NoneStruct
     1>main.obj : error LNK2001: unresolved external symbol __imp__PyBool_FromLong
     1>libboost_python-vc120-mt-1_65_1.lib(class.obj) : error LNK2001: unresolved external symbol __imp__PyBool_FromLong
     1>libboost_python-vc120-mt-1_65_1.lib(builtin_converters.obj) : error LNK2001: unresolved external symbol __imp__PyErr_SetString
     1>libboost_python-vc120-mt-1_65_1.lib(pickle_support.obj) : error LNK2001: unresolved external symbol __imp__PyErr_SetString
     1>main.obj : error LNK2001: unresolved external symbol __imp__PyErr_SetString
     1>libboost_python-vc120-mt-1_65_1.lib(class.obj) : error LNK2001: unresolved external symbol __imp__PyErr_SetString
     1>libboost_python-vc120-mt-1_65_1.lib(function.obj) : error LNK2001: unresolved external symbol __imp__PyErr_SetString
     1>libboost_python-vc120-mt-1_65_1.lib(errors.obj) : error LNK2001: unresolved external symbol __imp__PyErr_SetString
     1>main.obj : error LNK2001: unresolved external symbol __imp__PyErr_NewException
     1>libboost_python-vc120-mt-1_65_1.lib(function.obj) : error LNK2001: unresolved external symbol __imp__PyErr_NewException
     1>main.obj : error LNK2001: unresolved external symbol __imp__PyBool_Type
     1>libboost_python-vc120-mt-1_65_1.lib(builtin_converters.obj) : error LNK2001: unresolved external symbol __imp__PyBool_Type
     1>libboost_python-vc120-mt-1_65_1.lib(builtin_converters.obj) : error LNK2001: unresolved external symbol __imp__PyObject_IsTrue
     1>libboost_python-vc120-mt-1_65_1.lib(pickle_support.obj) : error LNK2001: unresolved external symbol __imp__PyObject_IsTrue
     1>libboost_python-vc120-mt-1_65_1.lib(function_doc_signature.obj) : error LNK2001: unresolved external symbol __imp__PyObject_IsTrue
     1>main.obj : error LNK2001: unresolved external symbol __imp__PyObject_IsTrue
     1>libboost_python-vc120-mt-1_65_1.lib(class.obj) : error LNK2001: unresolved external symbol __imp__PyObject_IsTrue
     1>libboost_python-vc120-mt-1_65_1.lib(enum.obj) : error LNK2001: unresolved external symbol __imp__PyObject_IsTrue
     1>libboost_python-vc120-mt-1_65_1.lib(function.obj) : error LNK2001: unresolved external symbol __imp__PyObject_IsTrue
     1>main.obj : error LNK2001: unresolved external symbol __imp__PyObject_IsInstance
     1>libboost_python-vc120-mt-1_65_1.lib(class.obj) : error LNK2001: unresolved external symbol __imp__PyObject_IsInstance
     1>libboost_python-vc120-mt-1_65_1.lib(from_python.obj) : error LNK2001: unresolved external symbol __imp__PyObject_IsInstance
     1>main.obj : error LNK2001: unresolved external symbol __imp__PyString_Type
     1>libboost_python-vc120-mt-1_65_1.lib(builtin_converters.obj) : error LNK2001: unresolved external symbol __imp__PyString_Type
     1>libboost_python-vc120-mt-1_65_1.lib(str.obj) : error LNK2001: unresolved external symbol __imp__PyString_Type
     1>libboost_python-vc120-mt-1_65_1.lib(registry.obj) : error LNK2001: unresolved external symbol __imp__PyExc_TypeError
     1>main.obj : error LNK2001: unresolved external symbol __imp__PyExc_TypeError
     1>libboost_python-vc120-mt-1_65_1.lib(class.obj) : error LNK2001: unresolved external symbol __imp__PyExc_TypeError
     1>libboost_python-vc120-mt-1_65_1.lib(function.obj) : error LNK2001: unresolved external symbol __imp__PyExc_TypeError
     1>libboost_python-vc120-mt-1_65_1.lib(from_python.obj) : error LNK2001: unresolved external symbol __imp__PyExc_TypeError
     1>main.obj : error LNK2001: unresolved external symbol __imp__PyExc_IndexError
     1>libboost_python-vc120-mt-1_65_1.lib(errors.obj) : error LNK2001: unresolved external symbol __imp__PyExc_IndexError
     1>libboost_python-vc120-mt-1_65_1.lib(registry.obj) : error LNK2001: unresolved external symbol __imp__PyErr_SetObject
     1>libboost_python-vc120-mt-1_65_1.lib(pickle_support.obj) : error LNK2001: unresolved external symbol __imp__PyErr_SetObject
     1>libboost_python-vc120-mt-1_65_1.lib(iterator.obj) : error LNK2001: unresolved external symbol __imp__PyErr_SetObject
     1>libboost_python-vc120-mt-1_65_1.lib(class.obj) : error LNK2001: unresolved external symbol __imp__PyErr_SetObject
     1>libboost_python-vc120-mt-1_65_1.lib(function.obj) : error LNK2001: unresolved external symbol __imp__PyErr_SetObject
     1>libboost_python-vc120-mt-1_65_1.lib(from_python.obj) : error LNK2001: unresolved external symbol __imp__PyErr_SetObject
     1>libboost_python-vc120-mt-1_65_1.lib(iterator.obj) : error LNK2001: unresolved external symbol __imp__PyExc_StopIteration
     1>libboost_python-vc120-mt-1_65_1.lib(class.obj) : error LNK2001: unresolved external symbol __imp__PyMem_Malloc
     1>libboost_python-vc120-mt-1_65_1.lib(class.obj) : error LNK2001: unresolved external symbol __imp__PyMem_Free
     1>libboost_python-vc120-mt-1_65_1.lib(class.obj) : error LNK2001: unresolved external symbol __imp__PyType_IsSubtype
     1>libboost_python-vc120-mt-1_65_1.lib(builtin_converters.obj) : error LNK2001: unresolved external symbol __imp__PyType_IsSubtype
     1>libboost_python-vc120-mt-1_65_1.lib(class.obj) : error LNK2001: unresolved external symbol __imp__PyType_Ready
     1>libboost_python-vc120-mt-1_65_1.lib(enum.obj) : error LNK2001: unresolved external symbol __imp__PyType_Ready
     1>libboost_python-vc120-mt-1_65_1.lib(function.obj) : error LNK2001: unresolved external symbol __imp__PyType_Ready
     1>libboost_python-vc120-mt-1_65_1.lib(life_support.obj) : error LNK2001: unresolved external symbol __imp__PyType_Ready
     1>libboost_python-vc120-mt-1_65_1.lib(class.obj) : error LNK2001: unresolved external symbol __imp__PyType_GenericAlloc
     1>libboost_python-vc120-mt-1_65_1.lib(class.obj) : error LNK2001: unresolved external symbol __imp___PyType_Lookup
     1>libboost_python-vc120-mt-1_65_1.lib(class.obj) : error LNK2001: unresolved external symbol __imp__PyObject_GetAttrString
     1>libboost_python-vc120-mt-1_65_1.lib(enum.obj) : error LNK2001: unresolved external symbol __imp__PyObject_GetAttrString
     1>libboost_python-vc120-mt-1_65_1.lib(function.obj) : error LNK2001: unresolved external symbol __imp__PyObject_GetAttrString
     1>libboost_python-vc120-mt-1_65_1.lib(object_protocol.obj) : error LNK2001: unresolved external symbol __imp__PyObject_GetAttrString
     1>libboost_python-vc120-mt-1_65_1.lib(class.obj) : error LNK2001: unresolved external symbol __imp__PyObject_SetAttrString
     1>libboost_python-vc120-mt-1_65_1.lib(object_protocol.obj) : error LNK2001: unresolved external symbol __imp__PyObject_SetAttrString
     1>libboost_python-vc120-mt-1_65_1.lib(class.obj) : error LNK2001: unresolved external symbol __imp__PyCallable_Check
     1>libboost_python-vc120-mt-1_65_1.lib(class.obj) : error LNK2001: unresolved external symbol __imp__PyObject_ClearWeakRefs
     1>libboost_python-vc120-mt-1_65_1.lib(class.obj) : error LNK2001: unresolved external symbol __imp__PyInt_AsLong
     1>libboost_python-vc120-mt-1_65_1.lib(builtin_converters.obj) : error LNK2001: unresolved external symbol __imp__PyInt_AsLong
     1>libboost_python-vc120-mt-1_65_1.lib(str.obj) : error LNK2001: unresolved external symbol __imp__PyInt_AsLong
     1>libboost_python-vc120-mt-1_65_1.lib(list.obj) : error LNK2001: unresolved external symbol __imp__PyInt_AsLong
     1>libboost_python-vc120-mt-1_65_1.lib(class.obj) : error LNK2001: unresolved external symbol __imp__PyDict_New
     1>libboost_python-vc120-mt-1_65_1.lib(dict.obj) : error LNK2001: unresolved external symbol __imp__PyDict_New
     1>libboost_python-vc120-mt-1_65_1.lib(class.obj) : error LNK2001: unresolved external symbol __imp__PyCFunction_NewEx
     1>libboost_python-vc120-mt-1_65_1.lib(class.obj) : error LNK2001: unresolved external symbol __imp__PyStaticMethod_New
     1>libboost_python-vc120-mt-1_65_1.lib(class.obj) : error LNK2001: unresolved external symbol __imp__PyErr_Clear
     1>libboost_python-vc120-mt-1_65_1.lib(function.obj) : error LNK2001: unresolved external symbol __imp__PyErr_Clear
     1>libboost_python-vc120-mt-1_65_1.lib(object_protocol.obj) : error LNK2001: unresolved external symbol __imp__PyErr_Clear
     1>libboost_python-vc120-mt-1_65_1.lib(class.obj) : error LNK2001: unresolved external symbol __imp__PyErr_Format
     1>libboost_python-vc120-mt-1_65_1.lib(function.obj) : error LNK2001: unresolved external symbol __imp__PyErr_Format
     1>libboost_python-vc120-mt-1_65_1.lib(from_python.obj) : error LNK2001: unresolved external symbol __imp__PyErr_Format
     1>libboost_python-vc120-mt-1_65_1.lib(registry.obj) : error LNK2001: unresolved external symbol __imp__PyErr_Format
     1>libboost_python-vc120-mt-1_65_1.lib(class.obj) : error LNK2001: unresolved external symbol __imp__PyArg_ParseTupleAndKeywords
     1>libboost_python-vc120-mt-1_65_1.lib(list.obj) : error LNK2001: unresolved external symbol __imp__PyObject_CallFunction
     1>libboost_python-vc120-mt-1_65_1.lib(class.obj) : error LNK2001: unresolved external symbol __imp__PyObject_CallFunction
     1>libboost_python-vc120-mt-1_65_1.lib(dict.obj) : error LNK2001: unresolved external symbol __imp__PyObject_CallFunction
     1>libboost_python-vc120-mt-1_65_1.lib(str.obj) : error LNK2001: unresolved external symbol __imp__PyObject_CallFunction
     1>libboost_python-vc120-mt-1_65_1.lib(tuple.obj) : error LNK2001: unresolved external symbol __imp__PyObject_CallFunction
     1>libboost_python-vc120-mt-1_65_1.lib(class.obj) : error LNK2001: unresolved external symbol __imp__PyType_Type
     1>libboost_python-vc120-mt-1_65_1.lib(enum.obj) : error LNK2001: unresolved external symbol __imp__PyType_Type
     1>libboost_python-vc120-mt-1_65_1.lib(function.obj) : error LNK2001: unresolved external symbol __imp__PyType_Type
     1>libboost_python-vc120-mt-1_65_1.lib(life_support.obj) : error LNK2001: unresolved external symbol __imp__PyType_Type
     1>libboost_python-vc120-mt-1_65_1.lib(class.obj) : error LNK2001: unresolved external symbol __imp__PyBaseObject_Type
     1>libboost_python-vc120-mt-1_65_1.lib(class.obj) : error LNK2001: unresolved external symbol __imp__PyModule_Type
     1>libboost_python-vc120-mt-1_65_1.lib(class.obj) : error LNK2001: unresolved external symbol __imp__PyExc_AttributeError
     1>libboost_python-vc120-mt-1_65_1.lib(function.obj) : error LNK2001: unresolved external symbol __imp__PyExc_AttributeError
     1>libboost_python-vc120-mt-1_65_1.lib(object_protocol.obj) : error LNK2001: unresolved external symbol __imp__PyExc_AttributeError
     1>libboost_python-vc120-mt-1_65_1.lib(class.obj) : error LNK2001: unresolved external symbol __imp__PyExc_RuntimeError
     1>libboost_python-vc120-mt-1_65_1.lib(function.obj) : error LNK2001: unresolved external symbol __imp__PyExc_RuntimeError
     1>libboost_python-vc120-mt-1_65_1.lib(errors.obj) : error LNK2001: unresolved external symbol __imp__PyExc_RuntimeError
     1>libboost_python-vc120-mt-1_65_1.lib(pickle_support.obj) : error LNK2001: unresolved external symbol __imp__PyExc_RuntimeError
     1>libboost_python-vc120-mt-1_65_1.lib(class.obj) : error LNK2001: unresolved external symbol __imp__PyProperty_Type
     1>libboost_python-vc120-mt-1_65_1.lib(enum.obj) : error LNK2001: unresolved external symbol __imp__PyString_FromFormat
     1>libboost_python-vc120-mt-1_65_1.lib(from_python.obj) : error LNK2001: unresolved external symbol __imp__PyString_FromFormat
     1>libboost_python-vc120-mt-1_65_1.lib(registry.obj) : error LNK2001: unresolved external symbol __imp__PyString_FromFormat
     1>libboost_python-vc120-mt-1_65_1.lib(enum.obj) : error LNK2001: unresolved external symbol __imp__PyString_AsString
     1>libboost_python-vc120-mt-1_65_1.lib(builtin_converters.obj) : error LNK2001: unresolved external symbol __imp__PyString_AsString
     1>libboost_python-vc120-mt-1_65_1.lib(pickle_support.obj) : error LNK2001: unresolved external symbol __imp__PyErr_Occurred
     1>libboost_python-vc120-mt-1_65_1.lib(str.obj) : error LNK2001: unresolved external symbol __imp__PyErr_Occurred
     1>libboost_python-vc120-mt-1_65_1.lib(list.obj) : error LNK2001: unresolved external symbol __imp__PyErr_Occurred
     1>libboost_python-vc120-mt-1_65_1.lib(function_doc_signature.obj) : error LNK2001: unresolved external symbol __imp__PyErr_Occurred
     1>libboost_python-vc120-mt-1_65_1.lib(enum.obj) : error LNK2001: unresolved external symbol __imp__PyErr_Occurred
     1>libboost_python-vc120-mt-1_65_1.lib(function.obj) : error LNK2001: unresolved external symbol __imp__PyErr_Occurred
     1>libboost_python-vc120-mt-1_65_1.lib(stl_iterator.obj) : error LNK2001: unresolved external symbol __imp__PyErr_Occurred
     1>libboost_python-vc120-mt-1_65_1.lib(builtin_converters.obj) : error LNK2001: unresolved external symbol __imp__PyErr_Occurred
     1>libboost_python-vc120-mt-1_65_1.lib(function_doc_signature.obj) : error LNK2001: unresolved external symbol __imp__PyObject_Size
     1>libboost_python-vc120-mt-1_65_1.lib(enum.obj) : error LNK2001: unresolved external symbol __imp__PyObject_Size
     1>libboost_python-vc120-mt-1_65_1.lib(function.obj) : error LNK2001: unresolved external symbol __imp__PyObject_Size
     1>libboost_python-vc120-mt-1_65_1.lib(builtin_converters.obj) : error LNK2001: unresolved external symbol __imp__PyObject_Size
     1>libboost_python-vc120-mt-1_65_1.lib(pickle_support.obj) : error LNK2001: unresolved external symbol __imp__PyObject_Size
     1>libboost_python-vc120-mt-1_65_1.lib(enum.obj) : error LNK2001: unresolved external symbol __imp__PyDict_Type
     1>libboost_python-vc120-mt-1_65_1.lib(dict.obj) : error LNK2001: unresolved external symbol __imp__PyDict_Type
     1>libboost_python-vc120-mt-1_65_1.lib(function.obj) : error LNK2001: unresolved external symbol __imp__PyObject_SetAttr
     1>libboost_python-vc120-mt-1_65_1.lib(object_protocol.obj) : error LNK2001: unresolved external symbol __imp__PyObject_SetAttr
     1>libboost_python-vc120-mt-1_65_1.lib(function.obj) : error LNK2001: unresolved external symbol __imp__PyString_InternFromString
     1>libboost_python-vc120-mt-1_65_1.lib(function.obj) : error LNK2001: unresolved external symbol __imp__PyTuple_Size
     1>libboost_python-vc120-mt-1_65_1.lib(function.obj) : error LNK2001: unresolved external symbol __imp__PyTuple_GetItem
     1>libboost_python-vc120-mt-1_65_1.lib(function.obj) : error LNK2001: unresolved external symbol __imp__PyDict_GetItem
     1>libboost_python-vc120-mt-1_65_1.lib(dict.obj) : error LNK2001: unresolved external symbol __imp__PyDict_GetItem
     1>libboost_python-vc120-mt-1_65_1.lib(function.obj) : error LNK2001: unresolved external symbol __imp__PyDict_Size
     1>libboost_python-vc120-mt-1_65_1.lib(function.obj) : error LNK2001: unresolved external symbol __imp__PyMethod_New
     1>libboost_python-vc120-mt-1_65_1.lib(function.obj) : error LNK2001: unresolved external symbol __imp__PyObject_GetItem
     1>libboost_python-vc120-mt-1_65_1.lib(object_protocol.obj) : error LNK2001: unresolved external symbol __imp__PyObject_GetItem
     1>libboost_python-vc120-mt-1_65_1.lib(function.obj) : error LNK2001: unresolved external symbol __imp___Py_NotImplementedStruct
     1>libboost_python-vc120-mt-1_65_1.lib(function.obj) : error LNK2001: unresolved external symbol __imp__PyCFunction_Type
     1>libboost_python-vc120-mt-1_65_1.lib(function.obj) : error LNK2001: unresolved external symbol __imp__PyStaticMethod_Type
     1>libboost_python-vc120-mt-1_65_1.lib(function.obj) : error LNK2001: unresolved external symbol __imp__PyClass_Type
     1>libboost_python-vc120-mt-1_65_1.lib(life_support.obj) : error LNK2001: unresolved external symbol __imp___PyObject_New
     1>libboost_python-vc120-mt-1_65_1.lib(life_support.obj) : error LNK2001: unresolved external symbol __imp__PyWeakref_NewRef
     1>libboost_python-vc120-mt-1_65_1.lib(stl_iterator.obj) : error LNK2001: unresolved external symbol __imp__PyIter_Next
     1>libboost_python-vc120-mt-1_65_1.lib(object_protocol.obj) : error LNK2001: unresolved external symbol __imp__PyObject_GetAttr
     1>libboost_python-vc120-mt-1_65_1.lib(object_protocol.obj) : error LNK2001: unresolved external symbol __imp__PySlice_New
     1>libboost_python-vc120-mt-1_65_1.lib(object_protocol.obj) : error LNK2001: unresolved external symbol __imp__PyErr_ExceptionMatches
     1>libboost_python-vc120-mt-1_65_1.lib(object_protocol.obj) : error LNK2001: unresolved external symbol __imp___PyEval_SliceIndex
     1>libboost_python-vc120-mt-1_65_1.lib(object_protocol.obj) : error LNK2001: unresolved external symbol __imp__PyObject_SetItem
     1>libboost_python-vc120-mt-1_65_1.lib(object_protocol.obj) : error LNK2001: unresolved external symbol __imp__PyObject_DelItem
     1>libboost_python-vc120-mt-1_65_1.lib(object_protocol.obj) : error LNK2001: unresolved external symbol __imp__PySequence_GetSlice
     1>libboost_python-vc120-mt-1_65_1.lib(object_protocol.obj) : error LNK2001: unresolved external symbol __imp__PySequence_SetSlice
     1>libboost_python-vc120-mt-1_65_1.lib(object_protocol.obj) : error LNK2001: unresolved external symbol __imp__PySequence_DelSlice
     1>libboost_python-vc120-mt-1_65_1.lib(object_operators.obj) : error LNK2001: unresolved external symbol __imp__PyObject_RichCompare
     1>libboost_python-vc120-mt-1_65_1.lib(object_operators.obj) : error LNK2001: unresolved external symbol __imp__PyNumber_Add
     1>libboost_python-vc120-mt-1_65_1.lib(object_operators.obj) : error LNK2001: unresolved external symbol __imp__PyNumber_Subtract
     1>libboost_python-vc120-mt-1_65_1.lib(object_operators.obj) : error LNK2001: unresolved external symbol __imp__PyNumber_Multiply
     1>libboost_python-vc120-mt-1_65_1.lib(object_operators.obj) : error LNK2001: unresolved external symbol __imp__PyNumber_Divide
     1>libboost_python-vc120-mt-1_65_1.lib(object_operators.obj) : error LNK2001: unresolved external symbol __imp__PyNumber_Remainder
     1>libboost_python-vc120-mt-1_65_1.lib(object_operators.obj) : error LNK2001: unresolved external symbol __imp__PyNumber_Lshift
     1>libboost_python-vc120-mt-1_65_1.lib(object_operators.obj) : error LNK2001: unresolved external symbol __imp__PyNumber_Rshift
     1>libboost_python-vc120-mt-1_65_1.lib(object_operators.obj) : error LNK2001: unresolved external symbol __imp__PyNumber_And
     1>libboost_python-vc120-mt-1_65_1.lib(object_operators.obj) : error LNK2001: unresolved external symbol __imp__PyNumber_Xor
     1>libboost_python-vc120-mt-1_65_1.lib(object_operators.obj) : error LNK2001: unresolved external symbol __imp__PyNumber_Or
     1>libboost_python-vc120-mt-1_65_1.lib(object_operators.obj) : error LNK2001: unresolved external symbol __imp__PyNumber_InPlaceAdd
     1>libboost_python-vc120-mt-1_65_1.lib(object_operators.obj) : error LNK2001: unresolved external symbol __imp__PyNumber_InPlaceSubtract
     1>libboost_python-vc120-mt-1_65_1.lib(object_operators.obj) : error LNK2001: unresolved external symbol __imp__PyNumber_InPlaceMultiply
     1>libboost_python-vc120-mt-1_65_1.lib(object_operators.obj) : error LNK2001: unresolved external symbol __imp__PyNumber_InPlaceDivide
     1>libboost_python-vc120-mt-1_65_1.lib(object_operators.obj) : error LNK2001: unresolved external symbol __imp__PyNumber_InPlaceRemainder
     1>libboost_python-vc120-mt-1_65_1.lib(object_operators.obj) : error LNK2001: unresolved external symbol __imp__PyNumber_InPlaceLshift
     1>libboost_python-vc120-mt-1_65_1.lib(object_operators.obj) : error LNK2001: unresolved external symbol __imp__PyNumber_InPlaceRshift
     1>libboost_python-vc120-mt-1_65_1.lib(object_operators.obj) : error LNK2001: unresolved external symbol __imp__PyNumber_InPlaceAnd
     1>libboost_python-vc120-mt-1_65_1.lib(object_operators.obj) : error LNK2001: unresolved external symbol __imp__PyNumber_InPlaceXor
     1>libboost_python-vc120-mt-1_65_1.lib(object_operators.obj) : error LNK2001: unresolved external symbol __imp__PyNumber_InPlaceOr
     1>libboost_python-vc120-mt-1_65_1.lib(module.obj) : error LNK2001: unresolved external symbol __imp__Py_InitModule4
     1>libboost_python-vc120-mt-1_65_1.lib(errors.obj) : error LNK2001: unresolved external symbol __imp__PyErr_NoMemory
     1>libboost_python-vc120-mt-1_65_1.lib(errors.obj) : error LNK2001: unresolved external symbol __imp__PyExc_OverflowError
     1>libboost_python-vc120-mt-1_65_1.lib(builtin_converters.obj) : error LNK2001: unresolved external symbol __imp__PyExc_OverflowError
     1>libboost_python-vc120-mt-1_65_1.lib(errors.obj) : error LNK2001: unresolved external symbol __imp__PyExc_ValueError
     1>libboost_python-vc120-mt-1_65_1.lib(from_python.obj) : error LNK2001: unresolved external symbol __imp__PyExc_ReferenceError
     1>libboost_python-vc120-mt-1_65_1.lib(registry.obj) : error LNK2001: unresolved external symbol __imp__PyErr_WarnEx
     1>libboost_python-vc120-mt-1_65_1.lib(builtin_converters.obj) : error LNK2001: unresolved external symbol __imp__PyUnicodeUCS2_FromEncodedObject
     1>libboost_python-vc120-mt-1_65_1.lib(builtin_converters.obj) : error LNK2001: unresolved external symbol __imp__PyUnicodeUCS2_AsWideChar
     1>libboost_python-vc120-mt-1_65_1.lib(builtin_converters.obj) : error LNK2001: unresolved external symbol __imp__PyLong_AsUnsignedLong
     1>libboost_python-vc120-mt-1_65_1.lib(builtin_converters.obj) : error LNK2001: unresolved external symbol __imp__PyLong_AsLongLong
     1>libboost_python-vc120-mt-1_65_1.lib(builtin_converters.obj) : error LNK2001: unresolved external symbol __imp__PyLong_AsUnsignedLongLong
     1>libboost_python-vc120-mt-1_65_1.lib(builtin_converters.obj) : error LNK2001: unresolved external symbol __imp__PyComplex_RealAsDouble
     1>libboost_python-vc120-mt-1_65_1.lib(builtin_converters.obj) : error LNK2001: unresolved external symbol __imp__PyComplex_ImagAsDouble
     1>libboost_python-vc120-mt-1_65_1.lib(builtin_converters.obj) : error LNK2001: unresolved external symbol __imp__PyString_Size
     1>libboost_python-vc120-mt-1_65_1.lib(builtin_converters.obj) : error LNK2001: unresolved external symbol __imp__PyUnicode_Type
     1>libboost_python-vc120-mt-1_65_1.lib(builtin_converters.obj) : error LNK2001: unresolved external symbol __imp__PyLong_Type
     1>libboost_python-vc120-mt-1_65_1.lib(builtin_converters.obj) : error LNK2001: unresolved external symbol __imp__PyComplex_Type
     1>libboost_python-vc120-mt-1_65_1.lib(pickle_support.obj) : error LNK2001: unresolved external symbol __imp__PyTuple_Type
     1>libboost_python-vc120-mt-1_65_1.lib(tuple.obj) : error LNK2001: unresolved external symbol __imp__PyTuple_Type
     1>libboost_python-vc120-mt-1_65_1.lib(dict.obj) : error LNK2001: unresolved external symbol __imp__PyDict_Clear
     1>libboost_python-vc120-mt-1_65_1.lib(dict.obj) : error LNK2001: unresolved external symbol __imp__PyDict_Keys
     1>libboost_python-vc120-mt-1_65_1.lib(dict.obj) : error LNK2001: unresolved external symbol __imp__PyDict_Values
     1>libboost_python-vc120-mt-1_65_1.lib(dict.obj) : error LNK2001: unresolved external symbol __imp__PyDict_Items
     1>libboost_python-vc120-mt-1_65_1.lib(dict.obj) : error LNK2001: unresolved external symbol __imp__PyDict_Copy
     1>libboost_python-vc120-mt-1_65_1.lib(dict.obj) : error LNK2001: unresolved external symbol __imp__PyDict_Update
     1>libboost_python-vc120-mt-1_65_1.lib(str.obj) : error LNK2001: unresolved external symbol __imp__PyObject_CallMethod
     1>libboost_python-vc120-mt-1_65_1.lib(list.obj) : error LNK2001: unresolved external symbol __imp__PyList_New
     1>libboost_python-vc120-mt-1_65_1.lib(list.obj) : error LNK2001: unresolved external symbol __imp__PyList_Insert
     1>libboost_python-vc120-mt-1_65_1.lib(list.obj) : error LNK2001: unresolved external symbol __imp__PyList_Append
     1>libboost_python-vc120-mt-1_65_1.lib(list.obj) : error LNK2001: unresolved external symbol __imp__PyList_Sort
     1>libboost_python-vc120-mt-1_65_1.lib(list.obj) : error LNK2001: unresolved external symbol __imp__PyList_Reverse
     1>libboost_python-vc120-mt-1_65_1.lib(list.obj) : error LNK2001: unresolved external symbol __imp__PyList_Type
     1>\\psf\Home\Documents\qcode\QCDValuationEngine\QC_Financial\Release\QC_Financial.pyd : fatal error LNK1120: 128 unresolved externals
     1>Done Building Project "\\psf\Home\Documents\qcode\QCDValuationEngine\QC_Financial\QC_Financial.vcxproj" (Build target(s)) -- FAILED.

Build FAILED.

Time Elapsed 00:00:03.84
