d:\qcdvaluationengine\qc_financial\release\vc120.pdb
d:\qcdvaluationengine\qc_financial\release\qcwealthfactor.obj
d:\qcdvaluationengine\qc_financial\release\qclinearwf.obj
d:\qcdvaluationengine\qc_financial\release\qcinterestrateperiodsfactory.obj
d:\qcdvaluationengine\qc_financial\release\qcinterestrate.obj
d:\qcdvaluationengine\qc_financial\release\qchelperfunctions.obj
d:\qcdvaluationengine\qc_financial\release\qcdate.obj
d:\qcdvaluationengine\qc_financial\release\qccontinouswf.obj
d:\qcdvaluationengine\qc_financial\release\qccompoundwf.obj
d:\qcdvaluationengine\qc_financial\release\qcbusinesscalendar.obj
d:\qcdvaluationengine\qc_financial\release\qcactact.obj
d:\qcdvaluationengine\qc_financial\release\qcact365.obj
d:\qcdvaluationengine\qc_financial\release\qcact360.obj
d:\qcdvaluationengine\qc_financial\release\qc30360.obj
d:\qcdvaluationengine\qc_financial\release\legfactory.obj
d:\qcdvaluationengine\qc_financial\release\leg.obj
d:\qcdvaluationengine\qc_financial\release\interestrateindex.obj
d:\qcdvaluationengine\qc_financial\release\icpclpcashflow.obj
d:\qcdvaluationengine\qc_financial\release\icpclfcashflow.obj
d:\qcdvaluationengine\qc_financial\release\iborcashflow.obj
d:\qcdvaluationengine\qc_financial\release\fixedratecashflow.obj
d:\qcdvaluationengine\qc_financial\release\main.obj
d:\qcdvaluationengine\qc_financial\release\tenor.obj
d:\qcdvaluationengine\qc_financial\release\simplemulticurrencycashflow.obj
d:\qcdvaluationengine\qc_financial\release\simplecashflow.obj
d:\qcdvaluationengine\qc_financial\release\qc_financial.pyd
d:\qcdvaluationengine\qc_financial\release\qc_financial.pdb
d:\qcdvaluationengine\qc_financial\release\qc_financial.lib
d:\qcdvaluationengine\qc_financial\release\qc_financial.exp
\\psf\home\documents\qcode\qcdvaluationengine\qc_financial\release\qc_financial.exp
\\psf\home\documents\qcode\qcdvaluationengine\qc_financial\release\qc_financial.pdb
\\psf\home\documents\qcode\qcdvaluationengine\qc_financial\release\vc120.pdb
\\psf\home\documents\qcode\qcdvaluationengine\qc_financial\release\qc_financial.pyd
\\psf\home\documents\qcode\qcdvaluationengine\qc_financial\release\qc_financial.tlog\cl.command.1.tlog
\\psf\home\documents\qcode\qcdvaluationengine\qc_financial\release\qc_financial.tlog\cl.read.1.tlog
\\psf\home\documents\qcode\qcdvaluationengine\qc_financial\release\qc_financial.tlog\cl.write.1.tlog
\\psf\home\documents\qcode\qcdvaluationengine\qc_financial\release\qc_financial.tlog\link.command.1.tlog
\\psf\home\documents\qcode\qcdvaluationengine\qc_financial\release\qc_financial.tlog\link.read.1.tlog
\\psf\home\documents\qcode\qcdvaluationengine\qc_financial\release\qc_financial.tlog\link.write.1.tlog
\\psf\home\documents\qcode\qcdvaluationengine\qc_financial\release\qc_financial.tlog\qc_financial.write.1u.tlog
