d:\qcdvaluationengine\qc_dve_pybind\release\vc120.pdb
d:\qcdvaluationengine\qc_dve_pybind\release\qcinterestrateperiodsfactory.obj
d:\qcdvaluationengine\qc_dve_pybind\release\qcinterestratepayoff.obj
d:\qcdvaluationengine\qc_dve_pybind\release\qcinterestrateleg.obj
d:\qcdvaluationengine\qc_dve_pybind\release\qcinterestratebasisswap.obj
d:\qcdvaluationengine\qc_dve_pybind\release\qcinterestrate.obj
d:\qcdvaluationengine\qc_dve_pybind\release\qcicpclppayoff.obj
d:\qcdvaluationengine\qc_dve_pybind\release\qcicpclfpayoff.obj
d:\qcdvaluationengine\qc_dve_pybind\release\qchelperfunctions.obj
d:\qcdvaluationengine\qc_dve_pybind\release\qcfxforward.obj
d:\qcdvaluationengine\qc_dve_pybind\release\qcfloatingratepayoff.obj
d:\qcdvaluationengine\qc_dve_pybind\release\qcfixedratepayoff.obj
d:\qcdvaluationengine\qc_dve_pybind\release\qcfactoryfunctions.obj
d:\qcdvaluationengine\qc_dve_pybind\release\qcdiscountbondpayoff.obj
d:\qcdvaluationengine\qc_dve_pybind\release\qcdate.obj
d:\qcdvaluationengine\qc_dve_pybind\release\qccontinouswf.obj
d:\qcdvaluationengine\qc_dve_pybind\release\qccompoundwf.obj
d:\qcdvaluationengine\qc_dve_pybind\release\qcactact.obj
d:\qcdvaluationengine\qc_dve_pybind\release\qcact365.obj
d:\qcdvaluationengine\qc_dve_pybind\release\qcact360.obj
d:\qcdvaluationengine\qc_dve_pybind\release\qc30360.obj
d:\qcdvaluationengine\qc_dve_pybind\release\main.obj
d:\qcdvaluationengine\qc_dve_pybind\release\qczerocurvebootstrappingfromratesfwdsandfloatinglegs.obj
d:\qcdvaluationengine\qc_dve_pybind\release\qczerocurvebootstrappingfromratesfwdsandfixedlegs.obj
d:\qcdvaluationengine\qc_dve_pybind\release\qczerocurvebootstrappingfromratesandfloatinglegsprojcurve.obj
d:\qcdvaluationengine\qc_dve_pybind\release\qczerocurvebootstrappingfromratesandfixedlegs.obj
d:\qcdvaluationengine\qc_dve_pybind\release\qczerocurvebootstrappingfromrates.obj
d:\qcdvaluationengine\qc_dve_pybind\release\qczerocouponinterestratecurve.obj
d:\qcdvaluationengine\qc_dve_pybind\release\qczerocoupondiscountfactorcurve.obj
d:\qcdvaluationengine\qc_dve_pybind\release\qczerocouponcurve.obj
d:\qcdvaluationengine\qc_dve_pybind\release\qcwealthfactor.obj
d:\qcdvaluationengine\qc_dve_pybind\release\qctimedepositpayoff.obj
d:\qcdvaluationengine\qc_dve_pybind\release\qcprojectinginterestratecurve.obj
d:\qcdvaluationengine\qc_dve_pybind\release\qcloglinearinterpolator.obj
d:\qcdvaluationengine\qc_dve_pybind\release\qclinearwf.obj
d:\qcdvaluationengine\qc_dve_pybind\release\qclinearinterpolator.obj
d:\qcdvaluationengine\qc_dve_pybind\release\qcinterpolator.obj
d:\qcdvaluationengine\qc_dve_pybind\release\qc_dve_pybind.pyd
d:\qcdvaluationengine\qc_dve_pybind\release\qc_dve_pybind.pdb
d:\qcdvaluationengine\qc_dve_pybind\release\qc_dve_pybind.lib
d:\qcdvaluationengine\qc_dve_pybind\release\qc_dve_pybind.exp
d:\qcdvaluationengine\qc_dve_pybind\release\qc_dve_pybind.tlog\cl.command.1.tlog
d:\qcdvaluationengine\qc_dve_pybind\release\qc_dve_pybind.tlog\cl.read.1.tlog
d:\qcdvaluationengine\qc_dve_pybind\release\qc_dve_pybind.tlog\cl.write.1.tlog
d:\qcdvaluationengine\qc_dve_pybind\release\qc_dve_pybind.tlog\link.command.1.tlog
d:\qcdvaluationengine\qc_dve_pybind\release\qc_dve_pybind.tlog\link.read.1.tlog
d:\qcdvaluationengine\qc_dve_pybind\release\qc_dve_pybind.tlog\link.write.1.tlog
d:\qcdvaluationengine\qc_dve_pybind\release\qc_dve_pybind.tlog\qc_dve_pybind.write.1u.tlog
