\\psf\home\documents\qcode\qcdvaluationengine\qc_dve_pybind\debug\vc120.pdb
\\psf\home\documents\qcode\qcdvaluationengine\qc_dve_pybind\debug\vc120.idb
\\psf\home\documents\qcode\qcdvaluationengine\qc_dve_pybind\debug\qcdate.obj
\\psf\home\documents\qcode\qcdvaluationengine\qc_dve_pybind\debug\main.obj
\\psf\home\documents\qcode\qcdvaluationengine\qc_dve_pybind\debug\qcfactoryfunctions.obj
\\psf\home\documents\qcode\qcdvaluationengine\qc_dve_pybind\debug\qcfixedratepayoff.obj
\\psf\home\documents\qcode\qcdvaluationengine\qc_dve_pybind\debug\qcfloatingratepayoff.obj
\\psf\home\documents\qcode\qcdvaluationengine\qc_dve_pybind\debug\qchelperfunctions.obj
\\psf\home\documents\qcode\qcdvaluationengine\qc_dve_pybind\debug\qcicpclfpayoff.obj
\\psf\home\documents\qcode\qcdvaluationengine\qc_dve_pybind\debug\qcicpclppayoff.obj
\\psf\home\documents\qcode\qcdvaluationengine\qc_dve_pybind\debug\qcinterestrate.obj
\\psf\home\documents\qcode\qcdvaluationengine\qc_dve_pybind\debug\qcinterestrateleg.obj
\\psf\home\documents\qcode\qcdvaluationengine\qc_dve_pybind\debug\qcinterestratepayoff.obj
\\psf\home\documents\qcode\qcdvaluationengine\qc_dve_pybind\debug\qcinterestrateperiodsfactory.obj
\\psf\home\documents\qcode\qcdvaluationengine\qc_dve_pybind\debug\qcinterpolator.obj
\\psf\home\documents\qcode\qcdvaluationengine\qc_dve_pybind\debug\qclinearinterpolator.obj
\\psf\home\documents\qcode\qcdvaluationengine\qc_dve_pybind\debug\qclinearwf.obj
\\psf\home\documents\qcode\qcdvaluationengine\qc_dve_pybind\debug\qcloglinearinterpolator.obj
\\psf\home\documents\qcode\qcdvaluationengine\qc_dve_pybind\debug\qcprojectinginterestratecurve.obj
\\psf\home\documents\qcode\qcdvaluationengine\qc_dve_pybind\debug\qcwealthfactor.obj
\\psf\home\documents\qcode\qcdvaluationengine\qc_dve_pybind\debug\qczerocouponcurve.obj
\\psf\home\documents\qcode\qcdvaluationengine\qc_dve_pybind\debug\qczerocoupondiscountfactorcurve.obj
\\psf\home\documents\qcode\qcdvaluationengine\qc_dve_pybind\debug\qczerocouponinterestratecurve.obj
\\psf\home\documents\qcode\qcdvaluationengine\qc_dve_pybind\debug\qc30360.obj
\\psf\home\documents\qcode\qcdvaluationengine\qc_dve_pybind\debug\qcact360.obj
\\psf\home\documents\qcode\qcdvaluationengine\qc_dve_pybind\debug\qcact365.obj
\\psf\home\documents\qcode\qcdvaluationengine\qc_dve_pybind\debug\qcactact.obj
\\psf\home\documents\qcode\qcdvaluationengine\qc_dve_pybind\debug\qccompoundwf.obj
\\psf\home\documents\qcode\qcdvaluationengine\qc_dve_pybind\debug\qccontinouswf.obj
\\psf\home\documents\qcode\qcdvaluationengine\qc_dve_pybind\debug\qcdiscountbondpayoff.obj
\\psf\home\documents\qcode\qcdvaluationengine\qc_dve_pybind\debug\qcfxforward.obj
\\psf\home\documents\qcode\qcdvaluationengine\qc_dve_pybind\debug\qctimedepositpayoff.obj
\\psf\home\documents\qcode\qcdvaluationengine\qc_dve_pybind\debug\qczerocurvebootstrappingfromrates.obj
\\psf\home\documents\qcode\qcdvaluationengine\qc_dve_pybind\debug\qczerocurvebootstrappingfromratesandfixedlegs.obj
\\psf\home\documents\qcode\qcdvaluationengine\qc_dve_pybind\debug\qczerocurvebootstrappingfromratesandfloatinglegsprojcurve.obj
\\psf\home\documents\qcode\qcdvaluationengine\qc_dve_pybind\debug\qczerocurvebootstrappingfromratesfwdsandfixedlegs.obj
\\psf\home\documents\qcode\qcdvaluationengine\qc_dve_pybind\debug\qczerocurvebootstrappingfromratesfwdsandfloatinglegs.obj
d:\qcdvaluationengine\qc_dve_pybind\debug\vc141.pdb
d:\qcdvaluationengine\qc_dve_pybind\debug\vc141.idb
d:\qcdvaluationengine\qc_dve_pybind\debug\qcinterpolator.obj
d:\qcdvaluationengine\qc_dve_pybind\debug\qcinterestrateperiodsfactory.obj
d:\qcdvaluationengine\qc_dve_pybind\debug\qcinterestratepayoff.obj
d:\qcdvaluationengine\qc_dve_pybind\debug\qcinterestrateleg.obj
d:\qcdvaluationengine\qc_dve_pybind\debug\qcinterestrate.obj
d:\qcdvaluationengine\qc_dve_pybind\debug\qcicpclppayoff.obj
d:\qcdvaluationengine\qc_dve_pybind\debug\qcicpclfpayoff.obj
d:\qcdvaluationengine\qc_dve_pybind\debug\qchelperfunctions.obj
d:\qcdvaluationengine\qc_dve_pybind\debug\qcfxforward.obj
d:\qcdvaluationengine\qc_dve_pybind\debug\qcfloatingratepayoff.obj
d:\qcdvaluationengine\qc_dve_pybind\debug\qcfixedratepayoff.obj
d:\qcdvaluationengine\qc_dve_pybind\debug\qcfactoryfunctions.obj
d:\qcdvaluationengine\qc_dve_pybind\debug\qcdiscountbondpayoff.obj
d:\qcdvaluationengine\qc_dve_pybind\debug\qcdate.obj
d:\qcdvaluationengine\qc_dve_pybind\debug\qccontinouswf.obj
d:\qcdvaluationengine\qc_dve_pybind\debug\qccompoundwf.obj
d:\qcdvaluationengine\qc_dve_pybind\debug\qcactact.obj
d:\qcdvaluationengine\qc_dve_pybind\debug\qcact365.obj
d:\qcdvaluationengine\qc_dve_pybind\debug\qcact360.obj
d:\qcdvaluationengine\qc_dve_pybind\debug\qc30360.obj
d:\qcdvaluationengine\qc_dve_pybind\debug\main.obj
d:\qcdvaluationengine\qc_dve_pybind\debug\qczerocurvebootstrappingfromratesfwdsandfloatinglegs.obj
d:\qcdvaluationengine\qc_dve_pybind\debug\qczerocurvebootstrappingfromratesfwdsandfixedlegs.obj
d:\qcdvaluationengine\qc_dve_pybind\debug\qczerocurvebootstrappingfromratesandfloatinglegsprojcurve.obj
d:\qcdvaluationengine\qc_dve_pybind\debug\qczerocurvebootstrappingfromratesandfixedlegs.obj
d:\qcdvaluationengine\qc_dve_pybind\debug\qczerocurvebootstrappingfromrates.obj
d:\qcdvaluationengine\qc_dve_pybind\debug\qczerocouponinterestratecurve.obj
d:\qcdvaluationengine\qc_dve_pybind\debug\qczerocoupondiscountfactorcurve.obj
d:\qcdvaluationengine\qc_dve_pybind\debug\qczerocouponcurve.obj
d:\qcdvaluationengine\qc_dve_pybind\debug\qcwealthfactor.obj
d:\qcdvaluationengine\qc_dve_pybind\debug\qctimedepositpayoff.obj
d:\qcdvaluationengine\qc_dve_pybind\debug\qcprojectinginterestratecurve.obj
d:\qcdvaluationengine\qc_dve_pybind\debug\qcloglinearinterpolator.obj
d:\qcdvaluationengine\qc_dve_pybind\debug\qclinearwf.obj
d:\qcdvaluationengine\qc_dve_pybind\debug\qclinearinterpolator.obj
d:\qcdvaluationengine\qc_dve_pybind\debug\qcinterestratebasisswap.obj
c:\users\soporte\anaconda2\qc_dve_pybind.ilk
c:\users\soporte\anaconda2\qc_dve_pybind.pyd
c:\users\soporte\anaconda2\qc_dve_pybind.pdb
c:\users\soporte\anaconda2\qc_dve_pybind.lib
c:\users\soporte\anaconda2\qc_dve_pybind.exp
d:\qcdvaluationengine\qc_dve_pybind\debug\vc120.idb
d:\qcdvaluationengine\qc_dve_pybind\debug\vc120.pdb
d:\qcdvaluationengine\qc_dve_pybind\release\qc_dve_pybind.pdb
d:\qcdvaluationengine\qc_dve_pybind\release\qc_dve_pybind.pyd
d:\qcdvaluationengine\qc_dve_pybind\debug\qc_dve_pybind.tlog\cl.command.1.tlog
d:\qcdvaluationengine\qc_dve_pybind\debug\qc_dve_pybind.tlog\cl.read.1.tlog
d:\qcdvaluationengine\qc_dve_pybind\debug\qc_dve_pybind.tlog\cl.write.1.tlog
d:\qcdvaluationengine\qc_dve_pybind\debug\qc_dve_pybind.tlog\link-cvtres.read.1.tlog
d:\qcdvaluationengine\qc_dve_pybind\debug\qc_dve_pybind.tlog\link-cvtres.write.1.tlog
d:\qcdvaluationengine\qc_dve_pybind\debug\qc_dve_pybind.tlog\link-rc.read.1.tlog
d:\qcdvaluationengine\qc_dve_pybind\debug\qc_dve_pybind.tlog\link-rc.write.1.tlog
d:\qcdvaluationengine\qc_dve_pybind\debug\qc_dve_pybind.tlog\link.command.1.tlog
d:\qcdvaluationengine\qc_dve_pybind\debug\qc_dve_pybind.tlog\link.read.1.tlog
d:\qcdvaluationengine\qc_dve_pybind\debug\qc_dve_pybind.tlog\link.write.1.tlog
d:\qcdvaluationengine\qc_dve_pybind\debug\qc_dve_pybind.tlog\qc_dve_pybind.write.1u.tlog
