Build started 13/05/2018 12:29:37.
     1>Project "\\psf\Home\Documents\qcode\QCDValuationEngine\QC_DVE_CORE\QC_DVE_CORE.vcxproj" on node 2 (Build target(s)).
     1>ClCompile:
         C:\Program Files (x86)\Microsoft Visual Studio 12.0\VC\bin\x86_amd64\CL.exe /c /Zi /nologo /W3 /WX- /sdl /Od /D WIN32 /D _DEBUG /D _LIB /D _UNICODE /D UNICODE /Gm /EHsc /RTC1 /MDd /GS /fp:precise /Zc:wchar_t /Zc:forScope /Fo"x64\Debug\\" /Fd"x64\Debug\vc120.pdb" /Gd /TP /errorReport:prompt source\FixedRateCashflow.cpp source\IborCashflow.cpp source\IcpClfCashflow.cpp source\IcpClpCashflow.cpp source\InterestRateIndex.cpp source\Leg.cpp source\LegFactory.cpp source\QC30360.cpp source\QCAct360.cpp source\QCAct365.cpp source\QCActAct.cpp source\QCBusinessCalendar.cpp source\QCClampedSpline.cpp source\QCCompoundWf.cpp source\QCContinousWf.cpp source\QCDate.cpp source\QCDiscountBondPayoff.cpp source\QCFactoryFunctions.cpp source\QCFixedRatePayoff.cpp source\QCFloatingRatePayoff.cpp source\QCFXForward.cpp source\QCHelperFunctions.cpp source\QCIcpClfPayoff.cpp source\QCIcpClpPayoff.cpp source\QCInterestRate.cpp source\QCInterestRateBasisSwap.cpp source\QCInterestRateLeg.cpp source\QCInterestRatePayoff.cpp source\QCInterestRatePeriodsFactory.cpp source\QCInterpolator.cpp source\QCLinearInterpolator.cpp source\QCLinearWf.cpp source\QCLogLinearInterpolator.cpp source\QCProjectingInterestRateCurve.cpp source\QCTest.cpp source\QCTimeDepositPayoff.cpp source\QCWealthFactor.cpp source\QCZeroCouponDiscountFactorCurve.cpp source\QCZeroCouponInterestRateCurve.cpp source\QCZeroCurveBootstrappingFromRatesAndFixedLegs.cpp source\QCZeroCurveBootstrappingFromRatesAndFloatingLegsProjCurve.cpp source\QCZeroCurveBootstrappingFromRatesFwdsAndFixedLegs.cpp source\QCZeroCurveBootstrappingFromRatesFwdsAndFloatingLegs.cpp source\QCZeroCurveBootstrappingFromRates.cpp source\SimpleCashflow.cpp source\SimpleMultiCurrencyCashflow.cpp source\Tenor.cpp
         Tenor.cpp
         SimpleMultiCurrencyCashflow.cpp
         SimpleCashflow.cpp
         QCZeroCurveBootstrappingFromRates.cpp
     1>\\mac\home\documents\qcode\qcdvaluationengine\qc_dve_core\include\QCInterestRateCurve.h(115): warning C4267: 'argument' : conversion from 'size_t' to 'unsigned long', possible loss of data
     1>\\mac\home\documents\qcode\qcdvaluationengine\qc_dve_core\include\QCInterestRateCurveGenerator.h(353): warning C4267: 'initializing' : conversion from 'size_t' to 'unsigned int', possible loss of data
     1>\\mac\home\documents\qcode\qcdvaluationengine\qc_dve_core\include\QCInterestRateCurveGenerator.h(421): warning C4267: 'initializing' : conversion from 'size_t' to 'unsigned int', possible loss of data
     1>\\mac\home\documents\qcode\qcdvaluationengine\qc_dve_core\include\QCInterestRateCurveGenerator.h(493): warning C4267: 'initializing' : conversion from 'size_t' to 'unsigned int', possible loss of data
     1>\\mac\home\documents\qcode\qcdvaluationengine\qc_dve_core\include\QCInterestRateCurveGenerator.h(565): warning C4267: 'initializing' : conversion from 'size_t' to 'unsigned int', possible loss of data
     1>source\QCZeroCurveBootstrappingFromRates.cpp(86): warning C4267: 'argument' : conversion from 'size_t' to 'unsigned long', possible loss of data
     1>source\QCZeroCurveBootstrappingFromRates.cpp(104): warning C4267: 'argument' : conversion from 'size_t' to 'unsigned long', possible loss of data
     1>source\QCZeroCurveBootstrappingFromRates.cpp(146): warning C4267: 'argument' : conversion from 'size_t' to 'long', possible loss of data
         QCZeroCurveBootstrappingFromRatesFwdsAndFloatingLegs.cpp
     1>\\mac\home\documents\qcode\qcdvaluationengine\qc_dve_core\include\QCInterestRateCurve.h(115): warning C4267: 'argument' : conversion from 'size_t' to 'unsigned long', possible loss of data
     1>\\mac\home\documents\qcode\qcdvaluationengine\qc_dve_core\include\QCInterestRateCurveGenerator.h(353): warning C4267: 'initializing' : conversion from 'size_t' to 'unsigned int', possible loss of data
     1>\\mac\home\documents\qcode\qcdvaluationengine\qc_dve_core\include\QCInterestRateCurveGenerator.h(421): warning C4267: 'initializing' : conversion from 'size_t' to 'unsigned int', possible loss of data
     1>\\mac\home\documents\qcode\qcdvaluationengine\qc_dve_core\include\QCInterestRateCurveGenerator.h(493): warning C4267: 'initializing' : conversion from 'size_t' to 'unsigned int', possible loss of data
     1>\\mac\home\documents\qcode\qcdvaluationengine\qc_dve_core\include\QCInterestRateCurveGenerator.h(565): warning C4267: 'initializing' : conversion from 'size_t' to 'unsigned int', possible loss of data
     1>source\QCZeroCurveBootstrappingFromRatesFwdsAndFloatingLegs.cpp(58): warning C4267: '=' : conversion from 'size_t' to 'unsigned int', possible loss of data
     1>source\QCZeroCurveBootstrappingFromRatesFwdsAndFloatingLegs.cpp(87): warning C4267: '=' : conversion from 'size_t' to 'unsigned int', possible loss of data
     1>source\QCZeroCurveBootstrappingFromRatesFwdsAndFloatingLegs.cpp(157): warning C4267: 'argument' : conversion from 'size_t' to 'unsigned long', possible loss of data
     1>source\QCZeroCurveBootstrappingFromRatesFwdsAndFloatingLegs.cpp(184): warning C4267: 'argument' : conversion from 'size_t' to 'unsigned long', possible loss of data
     1>source\QCZeroCurveBootstrappingFromRatesFwdsAndFloatingLegs.cpp(237): warning C4267: 'argument' : conversion from 'size_t' to 'long', possible loss of data
         QCZeroCurveBootstrappingFromRatesFwdsAndFixedLegs.cpp
     1>\\mac\home\documents\qcode\qcdvaluationengine\qc_dve_core\include\QCInterestRateCurve.h(115): warning C4267: 'argument' : conversion from 'size_t' to 'unsigned long', possible loss of data
     1>\\mac\home\documents\qcode\qcdvaluationengine\qc_dve_core\include\QCInterestRateCurveGenerator.h(353): warning C4267: 'initializing' : conversion from 'size_t' to 'unsigned int', possible loss of data
     1>\\mac\home\documents\qcode\qcdvaluationengine\qc_dve_core\include\QCInterestRateCurveGenerator.h(421): warning C4267: 'initializing' : conversion from 'size_t' to 'unsigned int', possible loss of data
     1>\\mac\home\documents\qcode\qcdvaluationengine\qc_dve_core\include\QCInterestRateCurveGenerator.h(493): warning C4267: 'initializing' : conversion from 'size_t' to 'unsigned int', possible loss of data
     1>\\mac\home\documents\qcode\qcdvaluationengine\qc_dve_core\include\QCInterestRateCurveGenerator.h(565): warning C4267: 'initializing' : conversion from 'size_t' to 'unsigned int', possible loss of data
     1>source\QCZeroCurveBootstrappingFromRatesFwdsAndFixedLegs.cpp(55): warning C4267: '=' : conversion from 'size_t' to 'unsigned int', possible loss of data
     1>source\QCZeroCurveBootstrappingFromRatesFwdsAndFixedLegs.cpp(80): warning C4267: '=' : conversion from 'size_t' to 'unsigned int', possible loss of data
     1>source\QCZeroCurveBootstrappingFromRatesFwdsAndFixedLegs.cpp(147): warning C4267: 'argument' : conversion from 'size_t' to 'unsigned long', possible loss of data
     1>source\QCZeroCurveBootstrappingFromRatesFwdsAndFixedLegs.cpp(174): warning C4267: 'argument' : conversion from 'size_t' to 'unsigned long', possible loss of data
         QCZeroCurveBootstrappingFromRatesAndFloatingLegsProjCurve.cpp
     1>\\mac\home\documents\qcode\qcdvaluationengine\qc_dve_core\include\QCInterestRateCurve.h(115): warning C4267: 'argument' : conversion from 'size_t' to 'unsigned long', possible loss of data
     1>\\mac\home\documents\qcode\qcdvaluationengine\qc_dve_core\include\QCInterestRateCurveGenerator.h(353): warning C4267: 'initializing' : conversion from 'size_t' to 'unsigned int', possible loss of data
     1>\\mac\home\documents\qcode\qcdvaluationengine\qc_dve_core\include\QCInterestRateCurveGenerator.h(421): warning C4267: 'initializing' : conversion from 'size_t' to 'unsigned int', possible loss of data
     1>\\mac\home\documents\qcode\qcdvaluationengine\qc_dve_core\include\QCInterestRateCurveGenerator.h(493): warning C4267: 'initializing' : conversion from 'size_t' to 'unsigned int', possible loss of data
     1>\\mac\home\documents\qcode\qcdvaluationengine\qc_dve_core\include\QCInterestRateCurveGenerator.h(565): warning C4267: 'initializing' : conversion from 'size_t' to 'unsigned int', possible loss of data
     1>source\QCZeroCurveBootstrappingFromRatesAndFloatingLegsProjCurve.cpp(115): warning C4267: 'argument' : conversion from 'size_t' to 'unsigned long', possible loss of data
     1>source\QCZeroCurveBootstrappingFromRatesAndFloatingLegsProjCurve.cpp(138): warning C4267: 'argument' : conversion from 'size_t' to 'unsigned long', possible loss of data
     1>source\QCZeroCurveBootstrappingFromRatesAndFloatingLegsProjCurve.cpp(185): warning C4267: 'argument' : conversion from 'size_t' to 'long', possible loss of data
         QCZeroCurveBootstrappingFromRatesAndFixedLegs.cpp
     1>\\mac\home\documents\qcode\qcdvaluationengine\qc_dve_core\include\QCInterestRateCurve.h(115): warning C4267: 'argument' : conversion from 'size_t' to 'unsigned long', possible loss of data
     1>\\mac\home\documents\qcode\qcdvaluationengine\qc_dve_core\include\QCInterestRateCurveGenerator.h(353): warning C4267: 'initializing' : conversion from 'size_t' to 'unsigned int', possible loss of data
     1>\\mac\home\documents\qcode\qcdvaluationengine\qc_dve_core\include\QCInterestRateCurveGenerator.h(421): warning C4267: 'initializing' : conversion from 'size_t' to 'unsigned int', possible loss of data
     1>\\mac\home\documents\qcode\qcdvaluationengine\qc_dve_core\include\QCInterestRateCurveGenerator.h(493): warning C4267: 'initializing' : conversion from 'size_t' to 'unsigned int', possible loss of data
     1>\\mac\home\documents\qcode\qcdvaluationengine\qc_dve_core\include\QCInterestRateCurveGenerator.h(565): warning C4267: 'initializing' : conversion from 'size_t' to 'unsigned int', possible loss of data
     1>source\QCZeroCurveBootstrappingFromRatesAndFixedLegs.cpp(123): warning C4267: 'argument' : conversion from 'size_t' to 'unsigned long', possible loss of data
     1>source\QCZeroCurveBootstrappingFromRatesAndFixedLegs.cpp(146): warning C4267: 'argument' : conversion from 'size_t' to 'unsigned long', possible loss of data
     1>source\QCZeroCurveBootstrappingFromRatesAndFixedLegs.cpp(193): warning C4267: 'argument' : conversion from 'size_t' to 'long', possible loss of data
     1>source\QCZeroCurveBootstrappingFromRatesAndFixedLegs.cpp(216): warning C4267: 'argument' : conversion from 'size_t' to 'long', possible loss of data
     1>source\QCZeroCurveBootstrappingFromRatesAndFixedLegs.cpp(233): warning C4267: 'argument' : conversion from 'size_t' to 'long', possible loss of data
         QCZeroCouponInterestRateCurve.cpp
     1>\\mac\home\documents\qcode\qcdvaluationengine\qc_dve_core\include\QCInterestRateCurve.h(115): warning C4267: 'argument' : conversion from 'size_t' to 'unsigned long', possible loss of data
     1>source\QCZeroCouponInterestRateCurve.cpp(50): warning C4018: '<' : signed/unsigned mismatch
     1>source\QCZeroCouponInterestRateCurve.cpp(108): warning C4018: '<' : signed/unsigned mismatch
         QCZeroCouponDiscountFactorCurve.cpp
     1>\\mac\home\documents\qcode\qcdvaluationengine\qc_dve_core\include\QCInterestRateCurve.h(115): warning C4267: 'argument' : conversion from 'size_t' to 'unsigned long', possible loss of data
         QCWealthFactor.cpp
         QCTimeDepositPayoff.cpp
     1>\\mac\home\documents\qcode\qcdvaluationengine\qc_dve_core\include\QCInterestRateCurve.h(115): warning C4267: 'argument' : conversion from 'size_t' to 'unsigned long', possible loss of data
         QCTest.cpp
         QCProjectingInterestRateCurve.cpp
     1>\\mac\home\documents\qcode\qcdvaluationengine\qc_dve_core\include\QCInterestRateCurve.h(115): warning C4267: 'argument' : conversion from 'size_t' to 'unsigned long', possible loss of data
         QCLogLinearInterpolator.cpp
     1>\\mac\home\documents\qcode\qcdvaluationengine\qc_dve_core\include\QCCurve.h(174): warning C4267: 'return' : conversion from 'size_t' to 'long', possible loss of data
                 \\mac\home\documents\qcode\qcdvaluationengine\qc_dve_core\include\QCCurve.h(173) : while compiling class template member function 'long QCCurve<long>::getLength(void)'
                 source\QCLogLinearInterpolator.cpp(6) : see reference to function template instantiation 'long QCCurve<long>::getLength(void)' being compiled
                 source\QCLogLinearInterpolator.cpp(6) : see reference to class template instantiation 'QCCurve<long>' being compiled
         QCLinearWf.cpp
         QCLinearInterpolator.cpp
     1>\\mac\home\documents\qcode\qcdvaluationengine\qc_dve_core\include\QCCurve.h(174): warning C4267: 'return' : conversion from 'size_t' to 'long', possible loss of data
                 \\mac\home\documents\qcode\qcdvaluationengine\qc_dve_core\include\QCCurve.h(173) : while compiling class template member function 'long QCCurve<long>::getLength(void)'
                 source\QCLinearInterpolator.cpp(6) : see reference to function template instantiation 'long QCCurve<long>::getLength(void)' being compiled
                 source\QCLinearInterpolator.cpp(6) : see reference to class template instantiation 'QCCurve<long>' being compiled
         QCInterpolator.cpp
     1>source\QCInterpolator.cpp(54): warning C4267: 'initializing' : conversion from 'size_t' to 'long', possible loss of data
     1>source\QCInterpolator.cpp(67): warning C4267: '=' : conversion from 'size_t' to 'long', possible loss of data
     1>\\mac\home\documents\qcode\qcdvaluationengine\qc_dve_core\include\QCCurve.h(174): warning C4267: 'return' : conversion from 'size_t' to 'long', possible loss of data
                 \\mac\home\documents\qcode\qcdvaluationengine\qc_dve_core\include\QCCurve.h(173) : while compiling class template member function 'long QCCurve<long>::getLength(void)'
                 source\QCInterpolator.cpp(32) : see reference to function template instantiation 'long QCCurve<long>::getLength(void)' being compiled
                 source\QCInterpolator.cpp(11) : see reference to class template instantiation 'QCCurve<long>' being compiled
         QCInterestRatePeriodsFactory.cpp
     1>\\mac\home\documents\qcode\qcdvaluationengine\qc_dve_core\include\QCInterestRateCurve.h(115): warning C4267: 'argument' : conversion from 'size_t' to 'unsigned long', possible loss of data
     1>source\QCInterestRatePeriodsFactory.cpp(64): warning C4267: 'initializing' : conversion from 'size_t' to 'unsigned int', possible loss of data
     1>source\QCInterestRatePeriodsFactory.cpp(118): warning C4267: 'initializing' : conversion from 'size_t' to 'unsigned int', possible loss of data
     1>source\QCInterestRatePeriodsFactory.cpp(155): warning C4267: 'initializing' : conversion from 'size_t' to 'unsigned int', possible loss of data
     1>source\QCInterestRatePeriodsFactory.cpp(294): warning C4267: 'initializing' : conversion from 'size_t' to 'unsigned int', possible loss of data
     1>source\QCInterestRatePeriodsFactory.cpp(335): warning C4267: 'initializing' : conversion from 'size_t' to 'unsigned int', possible loss of data
     1>source\QCInterestRatePeriodsFactory.cpp(375): warning C4267: 'initializing' : conversion from 'size_t' to 'unsigned int', possible loss of data
     1>source\QCInterestRatePeriodsFactory.cpp(419): warning C4267: 'initializing' : conversion from 'size_t' to 'unsigned int', possible loss of data
         QCInterestRatePayoff.cpp
     1>\\mac\home\documents\qcode\qcdvaluationengine\qc_dve_core\include\QCInterestRateCurve.h(115): warning C4267: 'argument' : conversion from 'size_t' to 'unsigned long', possible loss of data
     1>source\QCInterestRatePayoff.cpp(136): warning C4267: 'argument' : conversion from 'size_t' to 'unsigned int', possible loss of data
     1>source\QCInterestRatePayoff.cpp(194): warning C4018: '<' : signed/unsigned mismatch
         Generating Code...
         Compiling...
         QCInterestRateLeg.cpp
         QCInterestRateBasisSwap.cpp
     1>\\mac\home\documents\qcode\qcdvaluationengine\qc_dve_core\include\QCInterestRateCurve.h(115): warning C4267: 'argument' : conversion from 'size_t' to 'unsigned long', possible loss of data
         QCInterestRate.cpp
         QCIcpClpPayoff.cpp
     1>\\mac\home\documents\qcode\qcdvaluationengine\qc_dve_core\include\QCInterestRateCurve.h(115): warning C4267: 'argument' : conversion from 'size_t' to 'unsigned long', possible loss of data
     1>source\QCIcpClpPayoff.cpp(85): warning C4018: '<' : signed/unsigned mismatch
     1>source\QCIcpClpPayoff.cpp(121): warning C4018: '<' : signed/unsigned mismatch
         QCIcpClfPayoff.cpp
     1>\\mac\home\documents\qcode\qcdvaluationengine\qc_dve_core\include\QCInterestRateCurve.h(115): warning C4267: 'argument' : conversion from 'size_t' to 'unsigned long', possible loss of data
     1>source\QCIcpClfPayoff.cpp(86): warning C4018: '<' : signed/unsigned mismatch
     1>source\QCIcpClfPayoff.cpp(116): warning C4018: '<' : signed/unsigned mismatch
         QCHelperFunctions.cpp
     1>\\mac\home\documents\qcode\qcdvaluationengine\qc_dve_core\include\QCInterestRateCurve.h(115): warning C4267: 'argument' : conversion from 'size_t' to 'unsigned long', possible loss of data
         QCFXForward.cpp
     1>\\mac\home\documents\qcode\qcdvaluationengine\qc_dve_core\include\QCInterestRateCurve.h(115): warning C4267: 'argument' : conversion from 'size_t' to 'unsigned long', possible loss of data
         QCFloatingRatePayoff.cpp
     1>\\mac\home\documents\qcode\qcdvaluationengine\qc_dve_core\include\QCInterestRateCurve.h(115): warning C4267: 'argument' : conversion from 'size_t' to 'unsigned long', possible loss of data
     1>source\QCFloatingRatePayoff.cpp(54): warning C4018: '<' : signed/unsigned mismatch
     1>source\QCFloatingRatePayoff.cpp(86): warning C4018: '<' : signed/unsigned mismatch
         QCFixedRatePayoff.cpp
     1>\\mac\home\documents\qcode\qcdvaluationengine\qc_dve_core\include\QCInterestRateCurve.h(115): warning C4267: 'argument' : conversion from 'size_t' to 'unsigned long', possible loss of data
         QCFactoryFunctions.cpp
     1>\\mac\home\documents\qcode\qcdvaluationengine\qc_dve_core\include\QCInterestRateCurve.h(115): warning C4267: 'argument' : conversion from 'size_t' to 'unsigned long', possible loss of data
     1>source\QCFactoryFunctions.cpp(349): warning C4267: '=' : conversion from 'size_t' to 'unsigned int', possible loss of data
     1>source\QCFactoryFunctions.cpp(376): warning C4267: '=' : conversion from 'size_t' to 'unsigned int', possible loss of data
     1>source\QCFactoryFunctions.cpp(450): warning C4267: '=' : conversion from 'size_t' to 'unsigned int', possible loss of data
     1>source\QCFactoryFunctions.cpp(461): warning C4267: 'initializing' : conversion from 'size_t' to 'unsigned int', possible loss of data
     1>source\QCFactoryFunctions.cpp(552): warning C4267: 'initializing' : conversion from 'size_t' to 'unsigned int', possible loss of data
     1>source\QCFactoryFunctions.cpp(556): warning C4018: '<' : signed/unsigned mismatch
     1>source\QCFactoryFunctions.cpp(579): warning C4018: '<' : signed/unsigned mismatch
     1>source\QCFactoryFunctions.cpp(632): warning C4267: 'initializing' : conversion from 'size_t' to 'unsigned int', possible loss of data
     1>source\QCFactoryFunctions.cpp(636): warning C4018: '<' : signed/unsigned mismatch
     1>source\QCFactoryFunctions.cpp(657): warning C4018: '<' : signed/unsigned mismatch
     1>source\QCFactoryFunctions.cpp(668): warning C4018: '<' : signed/unsigned mismatch
     1>source\QCFactoryFunctions.cpp(679): warning C4018: '<' : signed/unsigned mismatch
     1>source\QCFactoryFunctions.cpp(759): warning C4267: '=' : conversion from 'size_t' to 'unsigned int', possible loss of data
     1>source\QCFactoryFunctions.cpp(786): warning C4267: '=' : conversion from 'size_t' to 'unsigned int', possible loss of data
     1>source\QCFactoryFunctions.cpp(859): warning C4267: '=' : conversion from 'size_t' to 'unsigned int', possible loss of data
     1>source\QCFactoryFunctions.cpp(882): warning C4267: 'initializing' : conversion from 'size_t' to 'unsigned int', possible loss of data
     1>source\QCFactoryFunctions.cpp(971): warning C4267: '=' : conversion from 'size_t' to 'unsigned int', possible loss of data
     1>source\QCFactoryFunctions.cpp(975): warning C4018: '<' : signed/unsigned mismatch
     1>source\QCFactoryFunctions.cpp(987): warning C4018: '<' : signed/unsigned mismatch
     1>source\QCFactoryFunctions.cpp(998): warning C4018: '<' : signed/unsigned mismatch
     1>source\QCFactoryFunctions.cpp(1071): warning C4267: '=' : conversion from 'size_t' to 'unsigned int', possible loss of data
     1>source\QCFactoryFunctions.cpp(1098): warning C4267: '=' : conversion from 'size_t' to 'unsigned int', possible loss of data
     1>source\QCFactoryFunctions.cpp(1187): warning C4267: '=' : conversion from 'size_t' to 'unsigned int', possible loss of data
     1>source\QCFactoryFunctions.cpp(1198): warning C4267: 'initializing' : conversion from 'size_t' to 'unsigned int', possible loss of data
     1>source\QCFactoryFunctions.cpp(1254): warning C4267: '=' : conversion from 'size_t' to 'unsigned int', possible loss of data
     1>source\QCFactoryFunctions.cpp(1258): warning C4018: '<' : signed/unsigned mismatch
     1>source\QCFactoryFunctions.cpp(1270): warning C4018: '<' : signed/unsigned mismatch
     1>source\QCFactoryFunctions.cpp(1281): warning C4018: '<' : signed/unsigned mismatch
         QCDiscountBondPayoff.cpp
     1>\\mac\home\documents\qcode\qcdvaluationengine\qc_dve_core\include\QCInterestRateCurve.h(115): warning C4267: 'argument' : conversion from 'size_t' to 'unsigned long', possible loss of data
         QCDate.cpp
     1>source\QCDate.cpp(55): warning C4101: 'e' : unreferenced local variable
     1>source\QCDate.cpp(433): warning C4018: '<' : signed/unsigned mismatch
     1>source\QCDate.cpp(441): warning C4018: '<' : signed/unsigned mismatch
     1>source\QCDate.cpp(456): warning C4018: '<' : signed/unsigned mismatch
     1>source\QCDate.cpp(464): warning C4018: '<' : signed/unsigned mismatch
         QCContinousWf.cpp
         QCCompoundWf.cpp
         QCClampedSpline.cpp
     1>source\QCClampedSpline.cpp(36): warning C4267: 'initializing' : conversion from 'size_t' to 'const long', possible loss of data
     1>\\mac\home\documents\qcode\qcdvaluationengine\qc_dve_core\include\QCCurve.h(174): warning C4267: 'return' : conversion from 'size_t' to 'long', possible loss of data
                 \\mac\home\documents\qcode\qcdvaluationengine\qc_dve_core\include\QCCurve.h(173) : while compiling class template member function 'long QCCurve<long>::getLength(void)'
                 source\QCClampedSpline.cpp(7) : see reference to function template instantiation 'long QCCurve<long>::getLength(void)' being compiled
                 source\QCClampedSpline.cpp(7) : see reference to class template instantiation 'QCCurve<long>' being compiled
         QCBusinessCalendar.cpp
         QCActAct.cpp
         QCAct365.cpp
         QCAct360.cpp
         QC30360.cpp
         Generating Code...
     1>\\psf\home\documents\qcode\qcdvaluationengine\qc_dve_core\source\qcfactoryfunctions.cpp(182): warning C4715: 'QCFactoryFunctions::intRtCrvShrdPtr' : not all control paths return a value
     1>\\psf\home\documents\qcode\qcdvaluationengine\qc_dve_core\source\qcfxforward.cpp(118): warning C4715: 'QCFXForward::getPvRateDerivativeAtFromLeg' : not all control paths return a value
         Compiling...
         LegFactory.cpp
         Leg.cpp
         InterestRateIndex.cpp
         IcpClpCashflow.cpp
         IcpClfCashflow.cpp
         IborCashflow.cpp
         FixedRateCashflow.cpp
         Generating Code...
         C:\Program Files (x86)\Microsoft Visual Studio 12.0\VC\bin\x86_amd64\CL.exe /c /Zi /nologo /W3 /WX- /sdl /Od /D WIN32 /D _DEBUG /D _LIB /D _UNICODE /D UNICODE /Gm /EHsc /RTC1 /MDd /GS /fp:precise /Zc:wchar_t /Zc:forScope /Fo"x64\Debug\\" /Fd"x64\Debug\vc120.pdb" /Gd /TP /errorReport:prompt source\QCZeroCouponCurve.cpp
         QCZeroCouponCurve.cpp
     1>\\mac\home\documents\qcode\qcdvaluationengine\qc_dve_core\include\QCInterestRateCurve.h(115): warning C4267: 'argument' : conversion from 'size_t' to 'unsigned long', possible loss of data
       Lib:
         C:\Program Files (x86)\Microsoft Visual Studio 12.0\VC\bin\x86_amd64\Lib.exe /OUT:"\\psf\Home\Documents\qcode\QCDValuationEngine\x64\Debug\QC_DVE_CORE.lib" /NOLOGO /MACHINE:X64 x64\Debug\FixedRateCashflow.obj
         x64\Debug\IborCashflow.obj
         x64\Debug\IcpClfCashflow.obj
         x64\Debug\IcpClpCashflow.obj
         x64\Debug\InterestRateIndex.obj
         x64\Debug\Leg.obj
         x64\Debug\LegFactory.obj
         x64\Debug\QC30360.obj
         x64\Debug\QCAct360.obj
         x64\Debug\QCAct365.obj
         x64\Debug\QCActAct.obj
         x64\Debug\QCBusinessCalendar.obj
         x64\Debug\QCClampedSpline.obj
         x64\Debug\QCCompoundWf.obj
         x64\Debug\QCContinousWf.obj
         x64\Debug\QCDate.obj
         x64\Debug\QCDiscountBondPayoff.obj
         x64\Debug\QCFactoryFunctions.obj
         x64\Debug\QCFixedRatePayoff.obj
         x64\Debug\QCFloatingRatePayoff.obj
         x64\Debug\QCFXForward.obj
         x64\Debug\QCHelperFunctions.obj
         x64\Debug\QCIcpClfPayoff.obj
         x64\Debug\QCIcpClpPayoff.obj
         x64\Debug\QCInterestRate.obj
         x64\Debug\QCInterestRateBasisSwap.obj
         x64\Debug\QCInterestRateLeg.obj
         x64\Debug\QCInterestRatePayoff.obj
         x64\Debug\QCInterestRatePeriodsFactory.obj
         x64\Debug\QCInterpolator.obj
         x64\Debug\QCLinearInterpolator.obj
         x64\Debug\QCLinearWf.obj
         x64\Debug\QCLogLinearInterpolator.obj
         x64\Debug\QCProjectingInterestRateCurve.obj
         x64\Debug\QCTest.obj
         x64\Debug\QCTimeDepositPayoff.obj
         x64\Debug\QCWealthFactor.obj
         x64\Debug\QCZeroCouponDiscountFactorCurve.obj
         x64\Debug\QCZeroCouponInterestRateCurve.obj
         x64\Debug\QCZeroCurveBootstrappingFromRatesAndFixedLegs.obj
         x64\Debug\QCZeroCurveBootstrappingFromRatesAndFloatingLegsProjCurve.obj
         x64\Debug\QCZeroCurveBootstrappingFromRatesFwdsAndFixedLegs.obj
         x64\Debug\QCZeroCurveBootstrappingFromRatesFwdsAndFloatingLegs.obj
         x64\Debug\QCZeroCurveBootstrappingFromRates.obj
         x64\Debug\SimpleCashflow.obj
         x64\Debug\SimpleMultiCurrencyCashflow.obj
         x64\Debug\Tenor.obj
         x64\Debug\QCZeroCouponCurve.obj
         QC_DVE_CORE.vcxproj -> \\psf\Home\Documents\qcode\QCDValuationEngine\x64\Debug\QC_DVE_CORE.lib
     1>Done Building Project "\\psf\Home\Documents\qcode\QCDValuationEngine\QC_DVE_CORE\QC_DVE_CORE.vcxproj" (Build target(s)).

Build succeeded.

Time Elapsed 00:00:26.85
