d:\qcdvaluationengine\qc_dve_core\debug\qc_dve_core.pdb
d:\qcdvaluationengine\qc_dve_core\debug\qc_dve_core.idb
d:\qcdvaluationengine\qc_dve_core\debug\qcinterestratepayoff.obj
d:\qcdvaluationengine\qc_dve_core\debug\qcinterestrateleg.obj
d:\qcdvaluationengine\qc_dve_core\debug\qcinterestrate.obj
d:\qcdvaluationengine\qc_dve_core\debug\qcicpclppayoff.obj
d:\qcdvaluationengine\qc_dve_core\debug\qcicpclfpayoff.obj
d:\qcdvaluationengine\qc_dve_core\debug\qchelperfunctions.obj
d:\qcdvaluationengine\qc_dve_core\debug\qcfxforward.obj
d:\qcdvaluationengine\qc_dve_core\debug\qcfloatingratepayoff.obj
d:\qcdvaluationengine\qc_dve_core\debug\qcfixedratepayoff.obj
d:\qcdvaluationengine\qc_dve_core\debug\qcfactoryfunctions.obj
d:\qcdvaluationengine\qc_dve_core\debug\qcdiscountbondpayoff.obj
d:\qcdvaluationengine\qc_dve_core\debug\qcdate.obj
d:\qcdvaluationengine\qc_dve_core\debug\qccontinouswf.obj
d:\qcdvaluationengine\qc_dve_core\debug\qccompoundwf.obj
d:\qcdvaluationengine\qc_dve_core\debug\qcclampedspline.obj
d:\qcdvaluationengine\qc_dve_core\debug\qcbusinesscalendar.obj
d:\qcdvaluationengine\qc_dve_core\debug\qcactact.obj
d:\qcdvaluationengine\qc_dve_core\debug\qcact365.obj
d:\qcdvaluationengine\qc_dve_core\debug\qcact360.obj
d:\qcdvaluationengine\qc_dve_core\debug\qc30360.obj
d:\qcdvaluationengine\qc_dve_core\debug\qczerocurvebootstrappingfromrates.obj
d:\qcdvaluationengine\qc_dve_core\debug\qczerocurvebootstrappingfromratesfwdsandfloatinglegs.obj
d:\qcdvaluationengine\qc_dve_core\debug\qczerocurvebootstrappingfromratesfwdsandfixedlegs.obj
d:\qcdvaluationengine\qc_dve_core\debug\qczerocurvebootstrappingfromratesandfixedlegs.obj
d:\qcdvaluationengine\qc_dve_core\debug\qczerocouponinterestratecurve.obj
d:\qcdvaluationengine\qc_dve_core\debug\qczerocoupondiscountfactorcurve.obj
d:\qcdvaluationengine\qc_dve_core\debug\qcwealthfactor.obj
d:\qcdvaluationengine\qc_dve_core\debug\qctimedepositpayoff.obj
d:\qcdvaluationengine\qc_dve_core\debug\qctest.obj
d:\qcdvaluationengine\qc_dve_core\debug\qcprojectinginterestratecurve.obj
d:\qcdvaluationengine\qc_dve_core\debug\qcloglinearinterpolator.obj
d:\qcdvaluationengine\qc_dve_core\debug\qclinearwf.obj
d:\qcdvaluationengine\qc_dve_core\debug\qclinearinterpolator.obj
d:\qcdvaluationengine\qc_dve_core\debug\qcinterpolator.obj
d:\qcdvaluationengine\qc_dve_core\debug\qcinterestrateperiodsfactory.obj
d:\qcdvaluationengine\qc_dve_core\debug\vc120.pdb
d:\qcdvaluationengine\qc_dve_core\debug\vc120.idb
d:\qcdvaluationengine\qc_dve_core\debug\tenor.obj
d:\qcdvaluationengine\qc_dve_core\debug\simplemulticurrencycashflow.obj
d:\qcdvaluationengine\qc_dve_core\debug\simplecashflow.obj
d:\qcdvaluationengine\qc_dve_core\debug\legfactory.obj
d:\qcdvaluationengine\qc_dve_core\debug\leg.obj
d:\qcdvaluationengine\qc_dve_core\debug\icpclpcashflow.obj
d:\qcdvaluationengine\qc_dve_core\debug\icpclfcashflow.obj
d:\qcdvaluationengine\qc_dve_core\debug\iborcashflow.obj
d:\qcdvaluationengine\qc_dve_core\debug\fixedratecashflow.obj
d:\qcdvaluationengine\qc_dve_core\debug\qczerocurvebootstrappingfromratesandfloatinglegsprojcurve.obj
d:\qcdvaluationengine\qc_dve_core\debug\qcinterestratebasisswap.obj
d:\qcdvaluationengine\qc_dve_core\debug\interestrateindex.obj
d:\qcdvaluationengine\qc_dve_core\debug\qczerocouponcurve.obj
\\psf\home\documents\qcode\qcdvaluationengine\qc_dve_core\debug\vc120.pdb
\\psf\home\documents\qcode\qcdvaluationengine\qc_dve_core\debug\vc120.idb
\\psf\home\documents\qcode\qcdvaluationengine\qc_dve_core\debug\qcinterestratepayoff.obj
\\psf\home\documents\qcode\qcdvaluationengine\qc_dve_core\debug\qcinterestrateperiodsfactory.obj
\\psf\home\documents\qcode\qcdvaluationengine\qc_dve_core\debug\qcinterpolator.obj
\\psf\home\documents\qcode\qcdvaluationengine\qc_dve_core\debug\qclinearinterpolator.obj
\\psf\home\documents\qcode\qcdvaluationengine\qc_dve_core\debug\qclinearwf.obj
\\psf\home\documents\qcode\qcdvaluationengine\qc_dve_core\debug\qcloglinearinterpolator.obj
\\psf\home\documents\qcode\qcdvaluationengine\qc_dve_core\debug\qcprojectinginterestratecurve.obj
\\psf\home\documents\qcode\qcdvaluationengine\qc_dve_core\debug\qctest.obj
\\psf\home\documents\qcode\qcdvaluationengine\qc_dve_core\debug\qctimedepositpayoff.obj
\\psf\home\documents\qcode\qcdvaluationengine\qc_dve_core\debug\qcwealthfactor.obj
\\psf\home\documents\qcode\qcdvaluationengine\qc_dve_core\debug\qczerocoupondiscountfactorcurve.obj
\\psf\home\documents\qcode\qcdvaluationengine\qc_dve_core\debug\qczerocouponinterestratecurve.obj
\\psf\home\documents\qcode\qcdvaluationengine\qc_dve_core\debug\qczerocurvebootstrappingfromrates.obj
\\psf\home\documents\qcode\qcdvaluationengine\qc_dve_core\debug\qczerocurvebootstrappingfromratesandfixedlegs.obj
\\psf\home\documents\qcode\qcdvaluationengine\qc_dve_core\debug\qczerocurvebootstrappingfromratesandfloatinglegsprojcurve.obj
\\psf\home\documents\qcode\qcdvaluationengine\qc_dve_core\debug\qczerocurvebootstrappingfromratesfwdsandfixedlegs.obj
\\psf\home\documents\qcode\qcdvaluationengine\qc_dve_core\debug\qczerocurvebootstrappingfromratesfwdsandfloatinglegs.obj
\\psf\home\documents\qcode\qcdvaluationengine\qc_dve_core\debug\simplecashflow.obj
\\psf\home\documents\qcode\qcdvaluationengine\qc_dve_core\debug\simplemulticurrencycashflow.obj
\\psf\home\documents\qcode\qcdvaluationengine\qc_dve_core\debug\tenor.obj
\\psf\home\documents\qcode\qcdvaluationengine\qc_dve_core\debug\qc30360.obj
\\psf\home\documents\qcode\qcdvaluationengine\qc_dve_core\debug\qcact360.obj
\\psf\home\documents\qcode\qcdvaluationengine\qc_dve_core\debug\qcact365.obj
\\psf\home\documents\qcode\qcdvaluationengine\qc_dve_core\debug\qcactact.obj
\\psf\home\documents\qcode\qcdvaluationengine\qc_dve_core\debug\qcbusinesscalendar.obj
\\psf\home\documents\qcode\qcdvaluationengine\qc_dve_core\debug\qcclampedspline.obj
\\psf\home\documents\qcode\qcdvaluationengine\qc_dve_core\debug\qccompoundwf.obj
\\psf\home\documents\qcode\qcdvaluationengine\qc_dve_core\debug\qccontinouswf.obj
\\psf\home\documents\qcode\qcdvaluationengine\qc_dve_core\debug\qcdate.obj
\\psf\home\documents\qcode\qcdvaluationengine\qc_dve_core\debug\qcdiscountbondpayoff.obj
\\psf\home\documents\qcode\qcdvaluationengine\qc_dve_core\debug\qcfxforward.obj
\\psf\home\documents\qcode\qcdvaluationengine\qc_dve_core\debug\qcfactoryfunctions.obj
\\psf\home\documents\qcode\qcdvaluationengine\qc_dve_core\debug\qcfixedratepayoff.obj
\\psf\home\documents\qcode\qcdvaluationengine\qc_dve_core\debug\qcfloatingratepayoff.obj
\\psf\home\documents\qcode\qcdvaluationengine\qc_dve_core\debug\qchelperfunctions.obj
\\psf\home\documents\qcode\qcdvaluationengine\qc_dve_core\debug\qcicpclfpayoff.obj
\\psf\home\documents\qcode\qcdvaluationengine\qc_dve_core\debug\qcicpclppayoff.obj
\\psf\home\documents\qcode\qcdvaluationengine\qc_dve_core\debug\qcinterestrate.obj
\\psf\home\documents\qcode\qcdvaluationengine\qc_dve_core\debug\qcinterestratebasisswap.obj
\\psf\home\documents\qcode\qcdvaluationengine\qc_dve_core\debug\qcinterestrateleg.obj
\\psf\home\documents\qcode\qcdvaluationengine\qc_dve_core\debug\fixedratecashflow.obj
\\psf\home\documents\qcode\qcdvaluationengine\qc_dve_core\debug\iborcashflow.obj
\\psf\home\documents\qcode\qcdvaluationengine\qc_dve_core\debug\icpclfcashflow.obj
\\psf\home\documents\qcode\qcdvaluationengine\qc_dve_core\debug\icpclpcashflow.obj
\\psf\home\documents\qcode\qcdvaluationengine\qc_dve_core\debug\interestrateindex.obj
\\psf\home\documents\qcode\qcdvaluationengine\qc_dve_core\debug\leg.obj
\\psf\home\documents\qcode\qcdvaluationengine\qc_dve_core\debug\legfactory.obj
d:\qcdvaluationengine\debug\qc_dve_core.lib
\\psf\home\documents\qcode\qcdvaluationengine\qc_dve_core\debug\qczerocouponcurve.obj
\\psf\home\documents\qcode\qcdvaluationengine\qc_dve_core\debug\qc_dve_core.idb
\\psf\home\documents\qcode\qcdvaluationengine\qc_dve_core\debug\qc_dve_core.pdb
\\psf\home\documents\qcode\qcdvaluationengine\debug\qc_dve_core.pdb
\\psf\home\documents\qcode\qcdvaluationengine\debug\qc_dve_core.lib
\\psf\home\documents\qcode\qcdvaluationengine\qc_dve_core\debug\qc_dve_core.tlog\cl.command.1.tlog
\\psf\home\documents\qcode\qcdvaluationengine\qc_dve_core\debug\qc_dve_core.tlog\cl.read.1.tlog
\\psf\home\documents\qcode\qcdvaluationengine\qc_dve_core\debug\qc_dve_core.tlog\cl.write.1.tlog
\\psf\home\documents\qcode\qcdvaluationengine\qc_dve_core\debug\qc_dve_core.tlog\lib-link.read.1.tlog
\\psf\home\documents\qcode\qcdvaluationengine\qc_dve_core\debug\qc_dve_core.tlog\lib-link.write.1.tlog
\\psf\home\documents\qcode\qcdvaluationengine\qc_dve_core\debug\qc_dve_core.tlog\lib.command.1.tlog
