Build started 14/05/2018 12:20:05.
     1>Project "\\psf\Home\Documents\qcode\QCDValuationEngine\QC_DVE_CORE\QC_DVE_CORE.vcxproj" on node 3 (Build target(s)).
     1>ClCompile:
         C:\Program Files (x86)\Microsoft Visual Studio 12.0\VC\bin\CL.exe /c /ZI /nologo /W3 /WX- /sdl /Od /Oy- /D WIN32 /D _DEBUG /D _LIB /D _UNICODE /D UNICODE /Gm /EHsc /RTC1 /MDd /GS /fp:precise /Zc:wchar_t /Zc:forScope /Fo"Debug\\" /Fd"Debug\vc120.pdb" /Gd /TP /analyze- /errorReport:prompt source\QCInterestRatePeriodsFactory.cpp
         QCInterestRatePeriodsFactory.cpp
         C:\Program Files (x86)\Microsoft Visual Studio 12.0\VC\bin\CL.exe /c /ZI /nologo /W3 /WX- /sdl /Od /Oy- /D WIN32 /D _DEBUG /D _LIB /D _UNICODE /D UNICODE /Gm /EHsc /RTC1 /MDd /GS /fp:precise /Zc:wchar_t /Zc:forScope /Fo"Debug\\" /Fd"Debug\vc120.pdb" /Gd /TP /analyze- /errorReport:prompt source\QCZeroCouponCurve.cpp
         Skipping... (no relevant changes detected)
         QCZeroCouponCurve.cpp
       Lib:
         C:\Program Files (x86)\Microsoft Visual Studio 12.0\VC\bin\Lib.exe /OUT:"\\psf\Home\Documents\qcode\QCDValuationEngine\Debug\QC_DVE_CORE.lib" /NOLOGO Debug\FixedRateCashflow.obj
         Debug\IborCashflow.obj
         Debug\IcpClfCashflow.obj
         Debug\IcpClpCashflow.obj
         Debug\InterestRateIndex.obj
         Debug\Leg.obj
         Debug\LegFactory.obj
         Debug\QC30360.obj
         Debug\QCAct360.obj
         Debug\QCAct365.obj
         Debug\QCActAct.obj
         Debug\QCBusinessCalendar.obj
         Debug\QCClampedSpline.obj
         Debug\QCCompoundWf.obj
         Debug\QCContinousWf.obj
         Debug\QCDate.obj
         Debug\QCDiscountBondPayoff.obj
         Debug\QCFactoryFunctions.obj
         Debug\QCFixedRatePayoff.obj
         Debug\QCFloatingRatePayoff.obj
         Debug\QCFXForward.obj
         Debug\QCHelperFunctions.obj
         Debug\QCIcpClfPayoff.obj
         Debug\QCIcpClpPayoff.obj
         Debug\QCInterestRate.obj
         Debug\QCInterestRateBasisSwap.obj
         Debug\QCInterestRateLeg.obj
         Debug\QCInterestRatePayoff.obj
         Debug\QCInterestRatePeriodsFactory.obj
         Debug\QCInterpolator.obj
         Debug\QCLinearInterpolator.obj
         Debug\QCLinearWf.obj
         Debug\QCLogLinearInterpolator.obj
         Debug\QCProjectingInterestRateCurve.obj
         Debug\QCTest.obj
         Debug\QCTimeDepositPayoff.obj
         Debug\QCWealthFactor.obj
         Debug\QCZeroCouponDiscountFactorCurve.obj
         Debug\QCZeroCouponInterestRateCurve.obj
         Debug\QCZeroCurveBootstrappingFromRatesAndFixedLegs.obj
         Debug\QCZeroCurveBootstrappingFromRatesAndFloatingLegsProjCurve.obj
         Debug\QCZeroCurveBootstrappingFromRatesFwdsAndFixedLegs.obj
         Debug\QCZeroCurveBootstrappingFromRatesFwdsAndFloatingLegs.obj
         Debug\QCZeroCurveBootstrappingFromRates.obj
         Debug\SimpleCashflow.obj
         Debug\SimpleMultiCurrencyCashflow.obj
         Debug\Tenor.obj
         Debug\QCZeroCouponCurve.obj
         QC_DVE_CORE.vcxproj -> \\psf\Home\Documents\qcode\QCDValuationEngine\Debug\QC_DVE_CORE.lib
     1>Done Building Project "\\psf\Home\Documents\qcode\QCDValuationEngine\QC_DVE_CORE\QC_DVE_CORE.vcxproj" (Build target(s)).

Build succeeded.

Time Elapsed 00:00:01.92
