Build started 13/05/2018 12:57:51.
     1>Project "\\psf\Home\Documents\qcode\QCDValuationEngine\QC_DVE_PYBIND\QC_DVE_PYBIND.vcxproj" on node 2 (Build target(s)).
     1>Link:
         C:\Program Files (x86)\Microsoft Visual Studio 12.0\VC\bin\x86_amd64\link.exe /ERRORREPORT:PROMPT /OUT:"\\psf\Home\Documents\qcode\QCDValuationEngine\x64\Release\QC_DVE_PYBIND.pyd" /INCREMENTAL:NO /NOLOGO /LIBPATH:C:\Users\Soporte\AppData\Local\Programs\Python\Python27\libs kernel32.lib user32.lib gdi32.lib winspool.lib comdlg32.lib advapi32.lib shell32.lib ole32.lib oleaut32.lib uuid.lib odbc32.lib odbccp32.lib /MANIFEST /MANIFESTUAC:"level='asInvoker' uiAccess='false'" /manifest:embed /DEBUG /PDB:"\\psf\Home\Documents\qcode\QCDValuationEngine\x64\Release\QC_DVE_PYBIND.pdb" /SUBSYSTEM:WINDOWS /OPT:REF /OPT:ICF /LTCG /TLBID:1 /DYNAMICBASE /NXCOMPAT /IMPLIB:"\\psf\Home\Documents\qcode\QCDValuationEngine\x64\Release\QC_DVE_PYBIND.lib" /MACHINE:X64 /DLL x64\Release\QC30360.obj
         x64\Release\QCAct360.obj
         x64\Release\QCAct365.obj
         x64\Release\QCActAct.obj
         x64\Release\QCCompoundWf.obj
         x64\Release\QCContinousWf.obj
         x64\Release\QCDate.obj
         x64\Release\QCDiscountBondPayoff.obj
         x64\Release\QCFactoryFunctions.obj
         x64\Release\QCFixedRatePayoff.obj
         x64\Release\QCFloatingRatePayoff.obj
         x64\Release\QCFXForward.obj
         x64\Release\QCHelperFunctions.obj
         x64\Release\QCIcpClfPayoff.obj
         x64\Release\QCIcpClpPayoff.obj
         x64\Release\QCInterestRate.obj
         x64\Release\QCInterestRateBasisSwap.obj
         x64\Release\QCInterestRateLeg.obj
         x64\Release\QCInterestRatePayoff.obj
         x64\Release\QCInterestRatePeriodsFactory.obj
         x64\Release\QCInterpolator.obj
         x64\Release\QCLinearInterpolator.obj
         x64\Release\QCLinearWf.obj
         x64\Release\QCLogLinearInterpolator.obj
         x64\Release\QCProjectingInterestRateCurve.obj
         x64\Release\QCTimeDepositPayoff.obj
         x64\Release\QCWealthFactor.obj
         x64\Release\QCZeroCouponCurve.obj
         x64\Release\QCZeroCouponDiscountFactorCurve.obj
         x64\Release\QCZeroCouponInterestRateCurve.obj
         x64\Release\QCZeroCurveBootstrappingFromRates.obj
         x64\Release\QCZeroCurveBootstrappingFromRatesAndFixedLegs.obj
         x64\Release\QCZeroCurveBootstrappingFromRatesAndFloatingLegsProjCurve.obj
         x64\Release\QCZeroCurveBootstrappingFromRatesFwdsAndFixedLegs.obj
         x64\Release\QCZeroCurveBootstrappingFromRatesFwdsAndFloatingLegs.obj
         x64\Release\main.obj
            Creating library \\psf\Home\Documents\qcode\QCDValuationEngine\x64\Release\QC_DVE_PYBIND.lib and object \\psf\Home\Documents\qcode\QCDValuationEngine\x64\Release\QC_DVE_PYBIND.exp
         Generating code
     1>\\psf\home\documents\qcode\qcdvaluationengine\qc_dve_core\source\qcfxforward.cpp(118): warning C4715: 'QCFXForward::getPvRateDerivativeAtFromLeg' : not all control paths return a value
         Finished generating code
         QC_DVE_PYBIND.vcxproj -> \\psf\Home\Documents\qcode\QCDValuationEngine\x64\Release\QC_DVE_PYBIND.pyd
     1>Done Building Project "\\psf\Home\Documents\qcode\QCDValuationEngine\QC_DVE_PYBIND\QC_DVE_PYBIND.vcxproj" (Build target(s)).

Build succeeded.

Time Elapsed 00:00:09.18
