Build started 14/05/2018 12:22:01.
     1>Project "\\psf\Home\Documents\qcode\QCDValuationEngine\QC_DVE_CORE\QC_DVE_CORE.vcxproj" on node 3 (Build target(s)).
     1>ClCompile:
         C:\Program Files (x86)\Microsoft Visual Studio 12.0\VC\bin\x86_amd64\CL.exe /c /Zi /nologo /W3 /WX- /sdl /O2 /Oi /GL /D WIN32 /D NDEBUG /D _LIB /D _UNICODE /D UNICODE /Gm- /EHsc /MD /GS /Gy /fp:precise /Zc:wchar_t /Zc:forScope /Fo"x64\Release\\" /Fd"x64\Release\vc120.pdb" /Gd /TP /errorReport:prompt source\QCHelperFunctions.cpp source\QCInterestRatePeriodsFactory.cpp
         QCHelperFunctions.cpp
     1>\\mac\home\documents\qcode\qcdvaluationengine\qc_dve_core\include\QCInterestRateCurve.h(115): warning C4267: 'argument' : conversion from 'size_t' to 'unsigned long', possible loss of data
         QCInterestRatePeriodsFactory.cpp
     1>\\mac\home\documents\qcode\qcdvaluationengine\qc_dve_core\include\QCInterestRateCurve.h(115): warning C4267: 'argument' : conversion from 'size_t' to 'unsigned long', possible loss of data
     1>source\QCInterestRatePeriodsFactory.cpp(64): warning C4267: 'initializing' : conversion from 'size_t' to 'unsigned int', possible loss of data
     1>source\QCInterestRatePeriodsFactory.cpp(118): warning C4267: 'initializing' : conversion from 'size_t' to 'unsigned int', possible loss of data
     1>source\QCInterestRatePeriodsFactory.cpp(155): warning C4267: 'initializing' : conversion from 'size_t' to 'unsigned int', possible loss of data
     1>source\QCInterestRatePeriodsFactory.cpp(294): warning C4267: 'initializing' : conversion from 'size_t' to 'unsigned int', possible loss of data
     1>source\QCInterestRatePeriodsFactory.cpp(335): warning C4267: 'initializing' : conversion from 'size_t' to 'unsigned int', possible loss of data
     1>source\QCInterestRatePeriodsFactory.cpp(375): warning C4267: 'initializing' : conversion from 'size_t' to 'unsigned int', possible loss of data
     1>source\QCInterestRatePeriodsFactory.cpp(419): warning C4267: 'initializing' : conversion from 'size_t' to 'unsigned int', possible loss of data
       Lib:
         C:\Program Files (x86)\Microsoft Visual Studio 12.0\VC\bin\x86_amd64\Lib.exe /OUT:"\\psf\Home\Documents\qcode\QCDValuationEngine\x64\Release\QC_DVE_CORE.lib" /NOLOGO /MACHINE:X64 /LTCG x64\Release\FixedRateCashflow.obj
         x64\Release\IborCashflow.obj
         x64\Release\IcpClfCashflow.obj
         x64\Release\IcpClpCashflow.obj
         x64\Release\InterestRateIndex.obj
         x64\Release\Leg.obj
         x64\Release\LegFactory.obj
         x64\Release\QC30360.obj
         x64\Release\QCAct360.obj
         x64\Release\QCAct365.obj
         x64\Release\QCActAct.obj
         x64\Release\QCBusinessCalendar.obj
         x64\Release\QCClampedSpline.obj
         x64\Release\QCCompoundWf.obj
         x64\Release\QCContinousWf.obj
         x64\Release\QCDate.obj
         x64\Release\QCDiscountBondPayoff.obj
         x64\Release\QCFactoryFunctions.obj
         x64\Release\QCFixedRatePayoff.obj
         x64\Release\QCFloatingRatePayoff.obj
         x64\Release\QCFXForward.obj
         x64\Release\QCHelperFunctions.obj
         x64\Release\QCIcpClfPayoff.obj
         x64\Release\QCIcpClpPayoff.obj
         x64\Release\QCInterestRate.obj
         x64\Release\QCInterestRateBasisSwap.obj
         x64\Release\QCInterestRateLeg.obj
         x64\Release\QCInterestRatePayoff.obj
         x64\Release\QCInterestRatePeriodsFactory.obj
         x64\Release\QCInterpolator.obj
         x64\Release\QCLinearWf.obj
         x64\Release\QCLogLinearInterpolator.obj
         x64\Release\QCProjectingInterestRateCurve.obj
         x64\Release\QCTest.obj
         x64\Release\QCTimeDepositPayoff.obj
         x64\Release\QCWealthFactor.obj
         x64\Release\QCZeroCouponCurve.obj
         x64\Release\QCZeroCouponDiscountFactorCurve.obj
         x64\Release\QCZeroCouponInterestRateCurve.obj
         x64\Release\QCZeroCurveBootstrappingFromRatesAndFixedLegs.obj
         x64\Release\QCZeroCurveBootstrappingFromRatesAndFloatingLegsProjCurve.obj
         x64\Release\QCZeroCurveBootstrappingFromRatesFwdsAndFixedLegs.obj
         x64\Release\QCZeroCurveBootstrappingFromRatesFwdsAndFloatingLegs.obj
         x64\Release\QCZeroCurveBootstrappingFromRates.obj
         x64\Release\SimpleCashflow.obj
         x64\Release\SimpleMultiCurrencyCashflow.obj
         x64\Release\Tenor.obj
         x64\Release\QCLinearInterpolator.obj
         QC_DVE_CORE.vcxproj -> \\psf\Home\Documents\qcode\QCDValuationEngine\x64\Release\QC_DVE_CORE.lib
     1>Done Building Project "\\psf\Home\Documents\qcode\QCDValuationEngine\QC_DVE_CORE\QC_DVE_CORE.vcxproj" (Build target(s)).

Build succeeded.

Time Elapsed 00:00:05.65
