d:\qcdvaluationengine\qc_financial\x64\release\vc120.pdb
d:\qcdvaluationengine\qc_financial\x64\release\qcwealthfactor.obj
d:\qcdvaluationengine\qc_financial\x64\release\qclinearwf.obj
d:\qcdvaluationengine\qc_financial\x64\release\qcinterestrateperiodsfactory.obj
d:\qcdvaluationengine\qc_financial\x64\release\qcinterestrate.obj
d:\qcdvaluationengine\qc_financial\x64\release\qchelperfunctions.obj
d:\qcdvaluationengine\qc_financial\x64\release\qcdate.obj
d:\qcdvaluationengine\qc_financial\x64\release\qccontinouswf.obj
d:\qcdvaluationengine\qc_financial\x64\release\qccompoundwf.obj
d:\qcdvaluationengine\qc_financial\x64\release\qcbusinesscalendar.obj
d:\qcdvaluationengine\qc_financial\x64\release\qcactact.obj
d:\qcdvaluationengine\qc_financial\x64\release\qcact365.obj
d:\qcdvaluationengine\qc_financial\x64\release\qcact360.obj
d:\qcdvaluationengine\qc_financial\x64\release\qc30360.obj
d:\qcdvaluationengine\qc_financial\x64\release\legfactory.obj
d:\qcdvaluationengine\qc_financial\x64\release\leg.obj
d:\qcdvaluationengine\qc_financial\x64\release\interestrateindex.obj
d:\qcdvaluationengine\qc_financial\x64\release\icpclpcashflow.obj
d:\qcdvaluationengine\qc_financial\x64\release\icpclfcashflow.obj
d:\qcdvaluationengine\qc_financial\x64\release\iborcashflow.obj
d:\qcdvaluationengine\qc_financial\x64\release\fixedratecashflow.obj
d:\qcdvaluationengine\qc_financial\x64\release\main.obj
d:\qcdvaluationengine\qc_financial\x64\release\tenor.obj
d:\qcdvaluationengine\qc_financial\x64\release\simplemulticurrencycashflow.obj
d:\qcdvaluationengine\qc_financial\x64\release\simplecashflow.obj
d:\qcdvaluationengine\x64\release\qc_financial.pyd
d:\qcdvaluationengine\x64\release\qc_financial.pdb
d:\qcdvaluationengine\x64\release\qc_financial.lib
d:\qcdvaluationengine\x64\release\qc_financial.exp
d:\qcdvaluationengine\qc_financial\x64\release\qc_financial.tlog\cl.command.1.tlog
d:\qcdvaluationengine\qc_financial\x64\release\qc_financial.tlog\cl.read.1.tlog
d:\qcdvaluationengine\qc_financial\x64\release\qc_financial.tlog\cl.write.1.tlog
d:\qcdvaluationengine\qc_financial\x64\release\qc_financial.tlog\link.command.1.tlog
d:\qcdvaluationengine\qc_financial\x64\release\qc_financial.tlog\link.read.1.tlog
d:\qcdvaluationengine\qc_financial\x64\release\qc_financial.tlog\link.write.1.tlog
d:\qcdvaluationengine\qc_financial\x64\release\qc_financial.tlog\qc_financial.write.1u.tlog
